     <when test='$_id IN "687, 688"'>
     <!-- various
       <13>Dec 12 10:09:00 ADS-Pri.ProspectHills.net MSWinEventLog	1	Security	1756	Wed Dec 12 10:08:53 2007	688	Security	SYSTEM	User	Success Audit	ADS-PRI	Basic Application Group Changed		Caller User Name]=partha   Caller Domain]=PROSPECTHILLS		Caller Logon ID]=(0x0, 0x158E87) 	Target Account Name]=johnDoe  Target Domain]=PROSPECTHILLS	Target Account ID]=PROSPECTHILLS\johnDoe 
      -->
       <collectAndSetAttrByKeyValuePair sep=' [' src="$_body">
          <attrKeyMap attr="user" key="[Caller User Name]="/>
          <attrKeyMap attr="domain" key="[Caller Domain]="/>
          <attrKeyMap attr="winLogonId" key="[Caller Logon ID]="/>
          <attrKeyMap attr="targetUser" key="[New Account Name]="/>
	    <attrKeyMap attr="targetDomain" key="[New Domain]="/>
       </collectAndSetAttrByKeyValuePair>

       <collectAndSetAttrFromAnotherEvent AnotherEventType = "Win-Security-540 OR Win-Security-528">
		 <when test = 'exist winLogonId'>
			  <when test = '$winLogonId = $AnotherEventType.winLogonId'>
			     <setEventAttribute attr="srcIpAddr">$AnotherEventType.srcIpAddr</setEventAttribute>
			  </when>
		</when>
       </collectAndSetAttrFromAnotherEvent>

       <setEventAttribute attr="eventSeverity">1</setEventAttribute>			
   </when>

   <when test='$_id IN "689, 690, 691, 692, 693, 694, 695, 696"'>
     <!-- various
       <13>Dec 12 10:09:00 ADS-Pri.ProspectHills.net MSWinEventLog	1	Security	1756	Wed Dec 12 10:08:53 2007	689	Security	SYSTEM	User	Success Audit	ADS-PRI	Basic Application Group Changed		Caller User Name]=partha   Caller Domain]=PROSPECTHILLS		Caller Logon ID]=(0x0, 0x158E87) 	Target Account Name]=johnDoe  Target Domain]=PROSPECTHILLS	Target Account ID]=PROSPECTHILLS\johnDoe 
      -->
       <collectAndSetAttrByKeyValuePair sep=' [' src="$_body">
          <attrKeyMap attr="user" key="[Caller User Name]="/>
          <attrKeyMap attr="domain" key="[Caller Domain]="/>
          <attrKeyMap attr="winLogonId" key="[Caller Logon ID]="/>
          <attrKeyMap attr="targetUser" key="[Target Account Name]="/>
	    <attrKeyMap attr="targetDomain" key="[Target Domain]="/>
       </collectAndSetAttrByKeyValuePair>

       <collectAndSetAttrFromAnotherEvent AnotherEventType = "Win-Security-540 OR Win-Security-528">
           <when test = 'exist winLogonId'>
		  <when test = '$winLogonId = $AnotherEventType.winLogonId'>
		     <setEventAttribute attr="srcIpAddr">$AnotherEventType.srcIpAddr</setEventAttribute>
		  </when>
	</when>
       </collectAndSetAttrFromAnotherEvent>

       <choose>
          <when test="matches($type, 'Success')">
	       <setEventAttribute attr="eventSeverity">3</setEventAttribute>
           </when>

           <when test="matches($type, 'Failure')">       
	       <setEventAttribute attr="eventSeverity">5</setEventAttribute>
           </when>
       </choose>	
		
   </when>

   <when test='$_id = "608"'>
     <!-- user right assigned
       <13>Dec 12 10:09:00 ADS-Pri.ProspectHills.net MSWinEventLog	1	Security	1756	Wed Dec 12 10:08:53 2007	608	Security	SYSTEM	User	Success Audit	ADS-PRI	User Right Assigned		User Name]=PROSPECTHILLS$   Domain]=PROSPECTHILLS	Logon ID]=(0x0, 0x158E87) 	Assigned To]=PROSPECTHILLS\johnDoe  Assigned By]= User Right]=Assigned User Right]=SetUndockPrivilege 
      -->
       <collectAndSetAttrByKeyValuePair sep=' [' src="$_body">
           <attrKeyMap attr="_targetDomUser" key="[Assigned To]="/>
       </collectAndSetAttrByKeyValuePair>

       <collectFieldsByRegex src="$_targetDomUser">
           <regex> <![CDATA[ <_targetDomain:gPatWord>\<_targetUser:gPatWord>  ]]> </regex>
       </collectFieldsByRegex>
 
       <setEventAttribute attr="targetDomain">$_targetDomain</setEventAttribute> 
       <setEventAttribute attr="targetUser">$_targetUser</setEventAttribute> 

       <collectAndSetAttrByKeyValuePair sep=' [' src="$_body">
          <attrKeyMap attr="user" key="[User Name]="/>
          <attrKeyMap attr="domain" key="[Domain]="/>
          <attrKeyMap attr="winLogonId" key="[Logon ID]="/>
       </collectAndSetAttrByKeyValuePair>

       <collectAndSetAttrFromAnotherEvent AnotherEventType = "Win-Security-540 OR Win-Security-528">
		 <when test = 'exist winLogonId'>
			  <when test = '$winLogonId = $AnotherEventType.winLogonId'>
			     <setEventAttribute attr="srcIpAddr">$AnotherEventType.srcIpAddr</setEventAttribute>
			  </when>
		</when>
       </collectAndSetAttrFromAnotherEvent>

       <choose>
          <when test="matches($type, 'Success')">
	       <setEventAttribute attr="eventSeverity">4</setEventAttribute>
           </when>

           <when test="matches($type, 'Failure')">       
	       <setEventAttribute attr="eventSeverity">7</setEventAttribute>
           </when>
       </choose>	
   </when>

   <when test='$_id = "609"'>
     <!-- user right removed
       <13>Dec 12 10:09:00 ADS-Pri.ProspectHills.net MSWinEventLog	1	Security	1756	Wed Dec 12 10:08:53 2007	609	Security	SYSTEM	User	Success Audit	ADS-PRI	User Right Removed		User Name]=partha   Domain]=PROSPECTHILLS	Logon ID]=(0x0, 0x158E87) 	User Right]=Removed   User Right]=johnDoe Removed From AdminGrp 
      -->
       <collectAndSetAttrByKeyValuePair sep=' [' src="$_body">
           <attrKeyMap attr="_userRight" key="[User Right]="/>
       </collectAndSetAttrByKeyValuePair>

       <collectFieldsByRegex src="$_userRight">
           <regex> <![CDATA[ <_targetUser:gPatWord> Removed From <_targetUserGrp:gPatWord>]]> </regex>
       </collectFieldsByRegex>
 
       <setEventAttribute attr="targetUserGrp">$_targetUserGrp</setEventAttribute> 
       <setEventAttribute attr="targetUser">$_targetUser</setEventAttribute> 

       <collectAndSetAttrByKeyValuePair sep=' [' src="$_body">
          <attrKeyMap attr="user" key="[User Name]="/>
          <attrKeyMap attr="domain" key="[Domain]="/>
          <attrKeyMap attr="winLogonId" key="[Logon ID]="/>
       </collectAndSetAttrByKeyValuePair>

       <collectAndSetAttrFromAnotherEvent AnotherEventType = "Win-Security-540 OR Win-Security-528">
		 <when test = 'exist winLogonId'>
			  <when test = '$winLogonId = $AnotherEventType.winLogonId'>
			     <setEventAttribute attr="srcIpAddr">$AnotherEventType.srcIpAddr</setEventAttribute>
			  </when>
		</when>
       </collectAndSetAttrFromAnotherEvent>

       <choose>
          <when test="matches($type, 'Success')">
	       <setEventAttribute attr="eventSeverity">4</setEventAttribute>
           </when>

           <when test="matches($type, 'Failure')">       
	       <setEventAttribute attr="eventSeverity">7</setEventAttribute>
           </when>
       </choose>		
   </when>

   <when test='$_id IN "610, 611, 620"'>
     <!-- windows trust domain added/modified/removed
       <13>Dec 12 10:09:00 ADS-Pri.ProspectHills.net MSWinEventLog	1	Security	1756	Wed Dec 12 10:08:53 2007	610	Security	SYSTEM	User	Success Audit	ADS-PRI	New Trusted Domain		User Name]=partha   Domain]=PROSPECTHILLS		Logon ID]=(0x0, 0x158E87) 	Domain Name]=johnDoe  Domain ID]=PROSPECTHILLS 
      -->
       <collectAndSetAttrByKeyValuePair sep=' [' src="$_body">
          <attrKeyMap attr="user" key="[User Name]="/>
          <attrKeyMap attr="domain" key="[Domain]="/>
          <attrKeyMap attr="winLogonId" key="[Logon ID]="/>
	    <attrKeyMap attr="targetDomain" key="[Domain Name]="/>
       </collectAndSetAttrByKeyValuePair>

       <collectAndSetAttrFromAnotherEvent AnotherEventType = "Win-Security-540 OR Win-Security-528">
		<when test = 'exist winLogonId'>
			  <when test = '$winLogonId = $AnotherEventType.winLogonId'>
			     <setEventAttribute attr="srcIpAddr">$AnotherEventType.srcIpAddr</setEventAttribute>
			  </when>
		</when>
       </collectAndSetAttrFromAnotherEvent>

       <choose>
          <when test="matches($type, 'Success')">
	       <setEventAttribute attr="eventSeverity">5</setEventAttribute>
           </when>

           <when test="matches($type, 'Failure')">       
	       <setEventAttribute attr="eventSeverity">8</setEventAttribute>
           </when>
       </choose>
   </when>   

    <when test='$_id IN "621, 622"'>
             <!-- various
       <13>Dec 12 10:09:00 ADS-Pri.ProspectHills.net MSWinEventLog	1	Security	1756	Wed Dec 12 10:08:53 2007	621	Security	SYSTEM	User	Success Audit	ADS-PRI	System Security Access Granted		User Name]=partha   Domain]=PROSPECTHILLS	Logon ID]=(0x0, 0x158E87) 	Account Modified]=PROSPECTHILLS\johnDoe
      -->
       <collectAndSetAttrByKeyValuePair sep=' [' src="$_body">
           <attrKeyMap attr="_targetUser2" key="[Account Modified]="/>
       </collectAndSetAttrByKeyValuePair>

       <collectAndSetAttrByRegex src="$_targetUser2">
           <regex> <![CDATA[ <targetUserDomain:gPatWord>\<targetUser:gPatWord>  ]]> </regex>
       </collectAndSetAttrByRegex>

       <collectAndSetAttrByKeyValuePair sep=' [' src="$_body">
          <attrKeyMap attr="user" key="[User Name]="/>
          <attrKeyMap attr="domain" key="[Domain]="/>
          <attrKeyMap attr="winLogonId" key="[Logon ID]="/>
       </collectAndSetAttrByKeyValuePair>

       <collectAndSetAttrFromAnotherEvent AnotherEventType = "Win-Security-540 OR Win-Security-528">
           <when test = 'exist winLogonId'>
		 <when test = '$winLogonId = $AnotherEventType.winLogonId'>
		     <setEventAttribute attr="srcIpAddr">$AnotherEventType.srcIpAddr</setEventAttribute>
		 </when>
	</when>
       </collectAndSetAttrFromAnotherEvent>
		
       <choose>
          <when test="matches($type, 'Success')">
	       <setEventAttribute attr="eventSeverity">5</setEventAttribute>
           </when>

           <when test="matches($type, 'Failure')">       
	       <setEventAttribute attr="eventSeverity">8</setEventAttribute>
           </when>
       </choose>		
   </when>

   <when test='$_id IN "612, 617, 618, 619"'>

     <!-- kerberos policy, QoS policy, audit policy
       <13>Dec 12 10:09:00 ADS-Pri.ProspectHills.net MSWinEventLog	1	Security	1756	Wed Dec 12 10:08:53 2007	612	Security	SYSTEM	User	Success Audit	ADS-PRI	Windows Audit Policy Changed		User Name]=partha   Domain]=PROSPECTHILLS		Logon ID]=(0x0, 0x158E87)  
      -->
       <collectAndSetAttrByKeyValuePair sep=' [' src="$_body">
          <attrKeyMap attr="user" key="[User Name]="/>
          <attrKeyMap attr="domain" key="[Domain]="/>
          <attrKeyMap attr="winLogonId" key="[Logon ID]="/>           	
       </collectAndSetAttrByKeyValuePair>

       <collectAndSetAttrFromAnotherEvent AnotherEventType = "Win-Security-540 OR Win-Security-528">
           <when test = 'exist winLogonId'>
		  <when test = '$winLogonId = $AnotherEventType.winLogonId'>
		     <setEventAttribute attr="srcIpAddr">$AnotherEventType.srcIpAddr</setEventAttribute>
		  </when>
	</when>
       </collectAndSetAttrFromAnotherEvent>
		
       <choose>
          <when test="matches($type, 'Success')">
	       <setEventAttribute attr="eventSeverity">5</setEventAttribute>
           </when>

           <when test="matches($type, 'Failure')">       
	       <setEventAttribute attr="eventSeverity">7</setEventAttribute>
           </when>
       </choose>
    </when>
   
    <when test='$_id = "517"'>
     <!-- audit log cleared
       <13>Dec 12 10:09:00 ADS-Pri.ProspectHills.net MSWinEventLog	1	Security	1756	Wed Dec 12 10:08:53 2007	517	Security	SYSTEM	User	Success Audit	ADS-PRI	The audit log was cleared		Client User Name]=partha   Client Domain]=PROSPECTHILLS		Client Logon ID]=(0x0, 0x158E87)  
      -->
       <collectAndSetAttrByKeyValuePair sep=' [' src="$_body">
          <attrKeyMap attr="user" key="[Client User Name]="/>
          <attrKeyMap attr="domain" key="[Client Domain]="/>
          <attrKeyMap attr="winLogonId" key="[Client Logon ID]="/>           	
       </collectAndSetAttrByKeyValuePair>

       <collectAndSetAttrFromAnotherEvent AnotherEventType = "Win-Security-540 OR Win-Security-528">
           <when test = 'exist winLogonId'>
		  <when test = '$winLogonId = $AnotherEventType.winLogonId'>
		     <setEventAttribute attr="srcIpAddr">$AnotherEventType.srcIpAddr</setEventAttribute>
		  </when>
	</when>
       </collectAndSetAttrFromAnotherEvent>		

       <choose>
          <when test="matches($type, 'Success')">
	       <setEventAttribute attr="eventSeverity">5</setEventAttribute>
           </when>

           <when test="matches($type, 'Failure')">       
	       <setEventAttribute attr="eventSeverity">7</setEventAttribute>
           </when>
       </choose>
   </when>

   <when test='$_id = "514"'>
     <!-- auth package loaded
       <13>Dec 12 10:09:00 ADS-Pri.ProspectHills.net MSWinEventLog	1	Security	1756	Wed Dec 12 10:08:53 2007	514	Security	SYSTEM	User	Success Audit	ADS-PRI	An authentication package has been loaded by the Local Security Authority		Authentication Package Name]=NTLM  
      -->
       <collectAndSetAttrByKeyValuePair sep=' [' src="$_body">
          <attrKeyMap attr="procName" key="[Authentication Package Name]="/>
       </collectAndSetAttrByKeyValuePair>	

       <choose>
          <when test="matches($type, 'Success')">
	       <setEventAttribute attr="eventSeverity">3</setEventAttribute>
           </when>

           <when test="matches($type, 'Failure')">       
	       <setEventAttribute attr="eventSeverity">6</setEventAttribute>
           </when>
       </choose>

   </when>

   <when test='$_id = "515"'>
     <!-- trusted logon process registered
       <13>Dec 12 10:09:00 ADS-Pri.ProspectHills.net MSWinEventLog	1	Security	1756	Wed Dec 12 10:08:53 2007	515	Security	SYSTEM	User	Success Audit	ADS-PRI	A trusted logon process has registered with the Local Security Authority		Logon Process Name]=KSecDD  
      -->
       <collectAndSetAttrByKeyValuePair sep=' [' src="$_body">
          <attrKeyMap attr="procName" key="[Logon Process Name]="/>
       </collectAndSetAttrByKeyValuePair>	

       <choose>
          <when test="matches($type, 'Success')">
	       <setEventAttribute attr="eventSeverity">3</setEventAttribute>
           </when>

           <when test="matches($type, 'Failure')">       
	       <setEventAttribute attr="eventSeverity">6</setEventAttribute>
           </when>
       </choose>

   </when>

   <when test='$_id = "518"'>
     <!-- notofication package loaded 
       <13>Dec 12 10:09:00 ADS-Pri.ProspectHills.net MSWinEventLog	1	Security	1756	Wed Dec 12 10:08:53 2007	515	Security	SYSTEM	User	Success Audit	ADS-PRI	A notification package has been loaded by the Security Account Manager		Notification Package Name]=scecli  
      -->
       <collectAndSetAttrByKeyValuePair sep=' [' src="$_body">
          <attrKeyMap attr="procName" key="[Notification Package Name]="/>
       </collectAndSetAttrByKeyValuePair>	

       <choose>
          <when test="matches($type, 'Success')">
	       <setEventAttribute attr="eventSeverity">3</setEventAttribute>
           </when>

           <when test="matches($type, 'Failure')">       
	       <setEventAttribute attr="eventSeverity">6</setEventAttribute>
           </when>
       </choose>

   </when> 

   <when test='$_id = "520"'>
     <!-- system time changed
       <13>Dec 12 10:09:00 ADS-Pri.ProspectHills.net MSWinEventLog	1	Security	1756	Wed Dec 12 10:08:53 2007	520	Security	SYSTEM	User	Success Audit	ADS-PRI	The system time was changed		Client User Name]=partha   Client Domain]=PROSPECTHILLS		Client Logon ID]=(0x0, 0x158E87)  Process name]=C:\WINDOWS\system32\rundll32.exe
      -->
       <collectAndSetAttrByKeyValuePair sep=' [' src="$_body">
          <attrKeyMap attr="user" key="[Client User Name]="/>
          <attrKeyMap attr="domain" key="[Client Domain]="/>
          <attrKeyMap attr="winLogonId" key="[Client Logon ID]="/>
          <attrKeyMap attr="procName" key="[Process  Name]="/>           	
       </collectAndSetAttrByKeyValuePair>

       <collectAndSetAttrFromAnotherEvent AnotherEventType = "Win-Security-540 OR Win-Security-528">
           <when test = 'exist winLogonId'>
		  <when test = '$winLogonId = $AnotherEventType.winLogonId'>
		     <setEventAttribute attr="srcIpAddr">$AnotherEventType.srcIpAddr</setEventAttribute>
		  </when>
	</when>
       </collectAndSetAttrFromAnotherEvent>

       <choose>
          <when test="matches($type, 'Success')">
	       <setEventAttribute attr="eventSeverity">3</setEventAttribute>
           </when>

           <when test="matches($type, 'Failure')">       
	       <setEventAttribute attr="eventSeverity">6</setEventAttribute>
           </when>
       </choose>		
   </when>

   <when test='$_id = "512"'>
      <!-- windows staring up -->
      <setEventAttribute attr="eventSeverity">2</setEventAttribute>
   </when>

   <when test='$_id = "513"'>
      <!-- windows shutting down -->
      <setEventAttribute attr="eventSeverity">2</setEventAttribute>
   </when>

   <when test='$_id = "613"'>
      <!-- ipsec policy agent started -->
      <setEventAttribute attr="eventSeverity">2</setEventAttribute>
   </when>

   <when test='$_id = "614"'>
      <!-- windows policy agent disabled -->
      <setEventAttribute attr="eventSeverity">5</setEventAttribute>
   </when>

   <when test='$_id = "616"'>
      <!-- windows policy agent serious failure
        -->
      <setEventAttribute attr="eventSeverity">5</setEventAttribute>
   </when>

   <when test='$_id = "516"'>
      <!-- internal resources for queueing audit messages exhausted
        -->
      <setEventAttribute attr="eventSeverity">7</setEventAttribute>
   </when>

   <when test='$_id = "519"'>
      <!-- process using invalid LPC port
        -->
      <setEventAttribute attr="eventSeverity">5</setEventAttribute>
   </when>

   <when test='$_id = "562"'>
     <!-- windows object closed 
       <13>Dec 12 10:09:00 ADS-Pri.ProspectHills.net MSWinEventLog	1	Security	1756	Wed Dec 12 10:08:53 2007	562	Security	SYSTEM	User	Success Audit	ADS-PRI	Handle Closed	 Handle ID]=144 	Image File Name]=C:\WINDOWS\system32\notepad.exe 
      -->
       <collectAndSetAttrByKeyValuePair sep=' [' src="$_body">
          <attrKeyMap attr="procName" key="[Image File Name]="/>
          <attrKeyMap attr="osObjHandleID" key="[Handle ID]="/>
	<attrKeyMap attr="_user" key="[User]="/>
       </collectAndSetAttrByKeyValuePair>
       <when test='exist _user'>
	<collectAndSetAttrByPos src="$_user" sep='\'>
	      <attrPosMap attr="domain" pos='1'/>
	      <attrPosMap attr="user" pos='2'/>
	</collectAndSetAttrByPos>
       </when>
       <collectAndSetAttrFromAnotherEvent AnotherEventType = "Win-Security-560">
          <when test = '$osObjHandleID = $AnotherEventType.osObjHandleID'>
             <setEventAttribute attr="srcIpAddr">$AnotherEventType.srcIpAddr</setEventAttribute>
	   <setEventAttribute attr="user">$AnotherEventType.user</setEventAttribute>
             <setEventAttribute attr="domain">$AnotherEventType.domain</setEventAttribute>
             <setEventAttribute attr="winLogonId">$AnotherEventType.winLogonId</setEventAttribute>
	   <setEventAttribute attr="osObjName">$AnotherEventType.osObjName</setEventAttribute>
          </when>
       </collectAndSetAttrFromAnotherEvent>

       <choose>
          <when test="matches($type, 'Success')">
	       <setEventAttribute attr="eventSeverity">1</setEventAttribute>
           </when>

           <when test="matches($type, 'Failure')">       
	       <setEventAttribute attr="eventSeverity">4</setEventAttribute>
           </when>
       </choose>			
  </when>

  <when test='$_id = "563"'>
     <!-- windows object open for delete
       <13>Dec 12 10:09:00 ADS-Pri.ProspectHills.net MSWinEventLog	1	Security	1756	Wed Dec 12 10:08:53 2007	563	Security	SYSTEM	User	Success Audit	ADS-PRI	Object Open for Delete		Client User Name]=partha   Client Domain]=PROSPECTHILLS		Client Logon ID]=(0x0, 0x158E87)  Object Type]=File  New Handle ID]=144 	Image File Name]=C:\WINDOWS\system32\notepad.exe Object Name:C:\ConfidentialFiles\ ProjectPlan.doc.txt  Accesses]=WriteData (or AddFile) AppendData (or AddSubdirectory or CreatePipeInstance)
      -->
       <collectAndSetAttrByKeyValuePair sep=' [' src="$_body">
          <attrKeyMap attr="user2" key="[Client User Name]="/>
       </collectAndSetAttrByKeyValuePair>

	 <choose>
         <when test='$user2 != "-")'>
              <collectAndSetAttrByKeyValuePair sep=' [' src="$_body">
          		<attrKeyMap attr="user" key="[Client User Name]="/>
          		<attrKeyMap attr="domain" key="[Client Domain]="/>
          		<attrKeyMap attr="winLogonId" key="[Client Logon ID]="/>
          		<attrKeyMap attr="procName" key="[Image File Name]="/>
 			<attrKeyMap attr="osObjType" key="[Object Type]="/>
 			<attrKeyMap attr="osObjName" key="[Object Name]="/>
                  <attrKeyMap attr="osObjHandleID" key="[New Handle ID]="/>
			<attrKeyMap attr="osObjAccessType" key="[Accesses]="/>
              </collectAndSetAttrByKeyValuePair>	
          </when>
          <otherwise>
              <collectAndSetAttrByKeyValuePair sep=' [' src="$_body">
          		<attrKeyMap attr="user" key="[Primary User Name]="/>
          		<attrKeyMap attr="domain" key="[Primary Domain]="/>
          		<attrKeyMap attr="winLogonId" key="[Primary Logon ID]="/>
          		<attrKeyMap attr="procName" key="[Image File Name]="/>
			<attrKeyMap attr="osObjType" key="[Object Type]="/>
 			<attrKeyMap attr="osObjName" key="[ Object Name]="/>
                  <attrKeyMap attr="osObjHandleID" key="[New Handle ID]="/>
                  <attrKeyMap attr="osObjAccessType" key="[Accesses]="/>
              </collectAndSetAttrByKeyValuePair>	
          </otherwise>

          <collectAndSetAttrFromAnotherEvent AnotherEventType = "Win-Security-540 OR Win-Security-528">
              <when test = 'exist winLogonId'>
		     <when test = '$winLogonId = $AnotherEventType.winLogonId'>
			<setEventAttribute attr="srcIpAddr">$AnotherEventType.srcIpAddr</setEventAttribute>
		     </when>
	    </when>
          </collectAndSetAttrFromAnotherEvent>
        </choose>

        <choose>
          <when test="matches($type, 'Success')">
	       <setEventAttribute attr="eventSeverity">1</setEventAttribute>
           </when>

           <when test="matches($type, 'Failure')">       
	       <setEventAttribute attr="eventSeverity">4</setEventAttribute>
           </when>
       </choose>		
   </when>

   <when test='$_id = "564"'>
     <!-- windows object deleted
       <13>Dec 12 10:09:00 ADS-Pri.ProspectHills.net MSWinEventLog	1	Security	1756	Wed Dec 12 10:08:53 2007	564	Security	SYSTEM	User	Success Audit	ADS-PRI	Object Deleted	 Handle ID]=144 	Image File Name]=C:\WINDOWS\system32\notepad.exe 
      -->
       <collectAndSetAttrByKeyValuePair sep=' [' src="$_body">
            <attrKeyMap attr="procName" key="[Image File Name]="/>
            <attrKeyMap attr="osObjHandleID" key="[Handle ID]="/>
	  <attrKeyMap attr="_user" key="[User]="/>
       </collectAndSetAttrByKeyValuePair>
        <when test='exist _user'>
	<collectAndSetAttrByPos src="$_user" sep='\'>
	      <attrPosMap attr="domain" pos='1'/>
	      <attrPosMap attr="user" pos='2'/>
	</collectAndSetAttrByPos>
       </when>
       <collectAndSetAttrFromAnotherEvent AnotherEventType = "Win-Security-560">
          <when test = '$osObjHandleID = $AnotherEventType.osObjHandleID'>
             <setEventAttribute attr="srcIpAddr">$AnotherEventType.srcIpAddr</setEventAttribute>
	   <setEventAttribute attr="user">$AnotherEventType.user</setEventAttribute>
             <setEventAttribute attr="domain">$AnotherEventType.domain</setEventAttribute>
             <setEventAttribute attr="winLogonId">$AnotherEventType.winLogonId</setEventAttribute>
	   <setEventAttribute attr="osObjName">$AnotherEventType.osObjName</setEventAttribute>
          </when>
       </collectAndSetAttrFromAnotherEvent>	

       <choose>
          <when test="matches($type, 'Success')">
	       <setEventAttribute attr="eventSeverity">1</setEventAttribute>
           </when>

           <when test="matches($type, 'Failure')">       
	       <setEventAttribute attr="eventSeverity">4</setEventAttribute>
           </when>
       </choose>		
  </when>

   <when test='$_id = "806"'>
      <!-- per user audit policy refreshed
        -->
      <choose>
           <when test="matches($type, 'Success')">
	       <setEventAttribute attr="eventSeverity">1</setEventAttribute>
           </when>

           <when test="matches($type, 'Failure')">       
	       <setEventAttribute attr="eventSeverity">3</setEventAttribute>
           </when>
      </choose>
   </when>

   <when test='$_id = "807"'>
      <!-- per user audit policy set
        -->
      <choose>
        <when test="matches($type, 'Success')">
	    <setEventAttribute attr="eventSeverity">1</setEventAttribute>
        </when>

        <when test="matches($type, 'Failure')">       
	    <setEventAttribute attr="eventSeverity">3</setEventAttribute>
        </when>
     </choose>
   </when>

   <when test='$_id = "615"'>
      <!-- windows ipsec policy changed
        -->
      <choose>
        <when test="matches($type, 'Success')">
	    <setEventAttribute attr="eventSeverity">1</setEventAttribute>
        </when>

        <when test="matches($type, 'Failure')">       
	     <setEventAttribute attr="eventSeverity">3</setEventAttribute>
        </when>
      </choose>
   </when>

   <when test='$_id = "674"'>
      <collectAndSetAttrByKeyValuePair sep=' [' src="$_body">
         <attrKeyMap attr="user" key="[User Name]="/>
          <attrKeyMap attr="domain" key="[User Domain]="/>
          <attrKeyMap attr="srcIpAddr" key="[Client Address]="/>
	  <attrKeyMap attr="srcIpAddr" key="[Source Network Address]="/>
          <attrKeyMap attr="winSrvcName" key="[Service Name]="/>
      </collectAndSetAttrByKeyValuePair>
      <setEventAttribute attr="eventSeverity">1</setEventAttribute>		
   </when>

   <when test='$_id = "677"'>
      <collectAndSetAttrByKeyValuePair sep=' [' src="$_body">
         <attrKeyMap attr="user" key="[User Name]="/>
          <attrKeyMap attr="domain" key="[Supplied Realm Name]="/>
          <attrKeyMap attr="srcIpAddr" key="[Client Address]="/>
	  <attrKeyMap attr="srcIpAddr" key="[Source Network Address]="/>
          <attrKeyMap attr="winSrvcName" key="[Service Name]="/>
      </collectAndSetAttrByKeyValuePair>
      <setEventAttribute attr="eventSeverity">3</setEventAttribute>		
   </when>

   <when test='$_id = "7035"'>
     <collectAndSetAttrByRegex src="$_body">
       <regex><![CDATA[<:patWordTab>\t+<:patWordTab>\t+The <procName:gPatMesgBody> service<:gPatMesgBody>]]></regex>
     </collectAndSetAttrByRegex>
   </when>

   <when test='$_id = "7036"'>
     <collectAndSetAttrByRegex src="$_body">
       <regex><![CDATA[<:patWordTab>\t+<:patWordTab>\t+The <procName:gPatMesgBody> service entered the <_state:gPatStr> state<:gPatMesgBody>]]></regex>
     </collectAndSetAttrByRegex>
      <setEventAttribute attr="appName">$procName</setEventAttribute>		
     <choose>
       <when test='$_state = "running"'>
         <setEventAttribute attr="eventType">combineMsgId("Win", "-", $_logType2, "-", $_id, "-", "Start")</setEventAttribute>
       </when>
       <otherwise>
         <setEventAttribute attr="eventType">combineMsgId("Win", "-", $_logType2, "-", $_id, "-", "Stop")</setEventAttribute>
       </otherwise>
     </choose>
   </when>

   <when test='$_id = "4931"'>  
     <setEventAttribute attr="eventSeverity">5</setEventAttribute>
     <collectAndSetAttrByKeyValuePair sep=' [' src="$_body"> 
       <attrKeyMap attr="_destDRA" key="[Destination DRA]="/> 
       <attrKeyMap attr="_srcDRA" key="[Source DRA]="/> 
       <attrKeyMap attr="destIpAddr" key="[Destination Address]="/>         
     </collectAndSetAttrByKeyValuePair>
   </when>

   <when test='$_id = "4932"'>  
     <setEventAttribute attr="eventSeverity">1</setEventAttribute>
     <collectAndSetAttrByKeyValuePair sep=' [' src="$_body"> 
       <attrKeyMap attr="_destDRA" key="[Destination DRA]="/> 
       <attrKeyMap attr="_srcDRA" key="[Source DRA]="/> 
     </collectAndSetAttrByKeyValuePair>
   </when>

   <when test='$_id = "4933"'>  
     <setEventAttribute attr="eventSeverity">1</setEventAttribute>
     <collectAndSetAttrByKeyValuePair sep=' [' src="$_body"> 
       <attrKeyMap attr="_destDRA" key="[Destination DRA]="/> 
       <attrKeyMap attr="_srcDRA" key="[Source DRA]="/> 
     </collectAndSetAttrByKeyValuePair>
   </when>

   <when test='$_id = "5136"'>
     <setEventAttribute attr="eventSeverity">5</setEventAttribute>
     <collectFieldsByRegex src="$_body">
       <regex><![CDATA[.*\[\[Subject\]\]<_subject:gPatMesgBody>\[\[Directory Service\]\]<_dir:gPatMesgBody>\[\[Object\]\]<_obj:gPatMesgBody>\[\[Attribute\]\]<_attr:gPatMesgBody>\[\[Operation\]\]<_opt:gPatMesgBody>]]></regex>
     </collectFieldsByRegex>
     <collectAndSetAttrByKeyValuePair sep=' [' src="$_subject">
       <attrKeyMap attr="user" key="[Account Name]="/>
       <attrKeyMap attr="domain" key="[Account Name]="/>
       <attrKeyMap attr="winLogonId" key="[Logon ID]="/>
     </collectAndSetAttrByKeyValuePair>

     <collectAndSetAttrByKeyValuePair sep=' [' src="$_dir">
     </collectAndSetAttrByKeyValuePair>

     <collectAndSetAttrByKeyValuePair sep=' [' src="$_obj">
     </collectAndSetAttrByKeyValuePair>

     <collectAndSetAttrByKeyValuePair sep=' [' src="$_attr">
     </collectAndSetAttrByKeyValuePair>

     <collectAndSetAttrByKeyValuePair sep=' [' src="$_opt">
     </collectAndSetAttrByKeyValuePair>
   </when>

   <when test='$_id = "5140"'>
    <setEventAttribute attr="eventSeverity">1</setEventAttribute>
     <collectAndSetAttrByKeyValuePair sep=' [' src="$_body">
       <attrKeyMap attr="user" key="[Account Name]="/>
       <attrKeyMap attr="domain" key="[Account Domain]="/>
       <attrKeyMap attr="winLogonId" key="[Logon ID]="/>          
       <attrKeyMap attr="srcIpAddr" key="[Source Address]="/>
       <attrKeyMap attr="srcIpPort" key="[Source Port]="/>
     </collectAndSetAttrByKeyValuePair>
   </when>

   <!--The Windows Filtering Platform has allowed a connection  -->
   <when test='$_id = "5156"'>
     <collectFieldsByRegex src="$_body">
       <regex><![CDATA[.*\[\[Application Information\]\]<_appl:gPatMesgBody>\[\[Network Information\]\]<_net:gPatMesgBody>\[\[Filter Information\]\]<_filter:gPatMesgBody>]]></regex>
     </collectFieldsByRegex>
  
     <collectAndSetAttrByKeyValuePair sep=' [' src="$_appl">          
       <attrKeyMap attr="appName" key="[Application Name]="/>
     </collectAndSetAttrByKeyValuePair>
     
     <collectAndSetAttrByKeyValuePair sep=' [' src="$_net">          
       <attrKeyMap attr="srcIpAddr" key="[Source Address]="/>
       <attrKeyMap attr="srcIpPort" key="[Source Port]="/>
       <attrKeyMap attr="destIpAddr" key="[Destination Address]="/>
       <attrKeyMap attr="destIpPort" key="[Destination Port]="/>
       <attrKeyMap attr="ipProto" key="[Protocol]="/>
     </collectAndSetAttrByKeyValuePair>  
     <setEventAttribute attr="eventSeverity">1</setEventAttribute>
   </when>

   <when test='$_id = "5159"'>
     <collectFieldsByRegex src="$_body">
       <regex><![CDATA[.*\[\[Application Information\]\]<_appl:gPatMesgBody>\[\[Network Information\]\]<_net:gPatMesgBody>\[\[Filter Information\]\]<_filter:gPatMesgBody>]]></regex>
     </collectFieldsByRegex>
  
     <collectAndSetAttrByKeyValuePair sep=' [' src="$_appl">          
       <attrKeyMap attr="appName" key="[Application Name]="/>
     </collectAndSetAttrByKeyValuePair>
     
     <collectAndSetAttrByKeyValuePair sep=' [' src="$_net">          
       <attrKeyMap attr="srcIpAddr" key="[Source Address]="/>
       <attrKeyMap attr="srcIpPort" key="[Source Port]="/>
       <attrKeyMap attr="ipProto" key="[Protocol]="/>
     </collectAndSetAttrByKeyValuePair>  
     <setEventAttribute attr="eventSeverity">1</setEventAttribute>
   </when>

   <!--The Windows Filtering Platform has blocked a connection  -->
   <when test='$_id = "5157"'>
     <collectFieldsByRegex src="$_body">
       <regex><![CDATA[.*\[\[Application Information\]\]<_appl:gPatMesgBody>\[\[Network Information\]\]<_net:gPatMesgBody>\[\[Filter Information\]\]<_filter:gPatMesgBody>]]></regex>
     </collectFieldsByRegex>
     <collectAndSetAttrByKeyValuePair sep=' ' src="$_appl">          
       <attrKeyMap attr="appName" key="[Application Name: "/>
     </collectAndSetAttrByKeyValuePair>

     <collectAndSetAttrByKeyValuePair sep=' [' src="$_net">          
       <attrKeyMap attr="srcIpAddr" key="[Source Address]="/>
       <attrKeyMap attr="srcIpPort" key="[Source Port]="/>
       <attrKeyMap attr="destIpAddr" key="[Destination Address]="/>
       <attrKeyMap attr="destIpPort" key="[Destination Port]="/>
       <attrKeyMap attr="ipProto" key="[Protocol]="/>
     </collectAndSetAttrByKeyValuePair> 
     <setEventAttribute attr="eventSeverity">5</setEventAttribute>
   </when>

   <!--The workstation was locked/unlocked-->
   <when test='$_id IN "4800,4801"'>
     <collectFieldsByRegex src="$_body">
       <regex><![CDATA[.*Subject:<_subj:gPatMesgBody>]]></regex>
     </collectFieldsByRegex>
     <collectAndSetAttrByKeyValuePair sep=' [' src="$_subj">
       <attrKeyMap attr="user" key="[Account Name]="/>
       <attrKeyMap attr="domain" key="[Account Domain]="/>
       <attrKeyMap attr="winLogonId" key="[Logon ID]="/>
     </collectAndSetAttrByKeyValuePair>
     <setEventAttribute attr="eventSeverity">1</setEventAttribute>
   </when>
  </when>

     <when test='$_logType2 = "System"'> 
    <!--Process started or stopped  -->
    <when test='$_id IN "1001, 1003"'>
      <collectAndSetAttrByRegex src="$_body">
	<regex><![CDATA[<:patWordTab>\t+<:patWordTab>\t+The <procName:gPatMesgBody> has<:gPatMesgBody>]]></regex>
      </collectAndSetAttrByRegex>
      <setEventAttribute attr="hostIpAddr">$reptDevIpAddr</setEventAttribute>
    </when>
    
    <when test='$_id = "2020"'>
      <collectAndSetAttrByRegex src="$_body">
	<regex><![CDATA[<:patWordTab>\t+<:patWordTab>\t+<procName:gPatMesgBody> has terminated<:gPatMesgBody>]]></regex>
      </collectAndSetAttrByRegex>
      <setEventAttribute attr="hostIpAddr">$reptDevIpAddr</setEventAttribute>
    </when>
  </when>
     
     <when test='$_logType2 = "Application"'>
	    <setEventAttribute attr="eventType">combineMsgId("Win-App","-", $_logType, "-", $_id)</setEventAttribute>

	    <!-- MS-SQL successful login (non-trusted and trusted) -->
	    <when test='$_id IN "18453,18454"'>      
	      <collectAndSetAttrByRegex src="$_body">
		<regex><![CDATA[.*Login\s+succeeded\s+for\s+user\s+'<user:patStrQuote>'\.\s+Connection:\s*<_connType:gPatStr>\.\s+\[CLIENT:\s*<_srcId:patStrRightSquareBracket>\]<:gPatMesgBody>]]></regex>
	      </collectAndSetAttrByRegex>
	      
	      <!-- set src ip or name -->
	      <choose> 
		<when test="matches($_srcId, '\d{1,3}\.\d{1,3}\.\d{1,3}\.\d{1,3}')"> 
		  <setEventAttribute attr="srcIpAddr">$_srcId</setEventAttribute>
		</when>
		<when test='matches($_srcId, "local machine")'>
		  <setEventAttribute attr="srcIpAddr">$reptDevIpAddr</setEventAttribute>
		</when>
	      </choose>
	    </when>
	    
	    <!-- MS-SQL failed login -->
	    <when test='$_id = "18456"'>		
		<switch>
			<case>
				<collectAndSetAttrByRegex src="$_body">
				  <regex><![CDATA[.*Login\s+failed\s+for\s+user\s+'<user:patStrQuote>'.\s+\[CLIENT\]="<_srcId:patStrRightSquareBracket>\]<:gPatMesgBody>]]></regex>
				</collectAndSetAttrByRegex>
			</case>
			<case>
				<collectAndSetAttrByRegex src="$_body">
				  <regex><![CDATA[.*Login\s+failed\s+for\s+user\s+'<user:patStrQuote>'.\s+Reason\]=.*\[CLIENT:\s+<_srcId:patStrRightSquareBracket>\]<:gPatMesgBody>]]></regex>
				</collectAndSetAttrByRegex>
			</case>
		</switch>
		<choose> 
		  <when test="matches($_srcId, '\d{1,3}\.\d{1,3}\.\d{1,3}\.\d{1,3}')"> 
		    <setEventAttribute attr="srcIpAddr">$_srcId</setEventAttribute>
		  </when>
		  <when test='matches($_srcId, "local machine")'>
		    <setEventAttribute attr="srcIpAddr">$reptDevIpAddr</setEventAttribute>
		  </when>
		</choose>
	    </when>

	    <!-- Starting up database 'mssql' -->
	    <when test='$_id = "17137"'>
	      <collectAndSetAttrByRegex src="$_body">
		<regex><![CDATA[.*Starting up database '<dbName:gPatStr>']]></regex>
	      </collectAndSetAttrByRegex>
	    </when>
	    
	    <!-- SQL Server (database) terminating because of a system shutdown -->
	    <when test='$_id = "17138"'>
	      <collectAndSetAttrByRegex src="$_body">
		<regex><![CDATA[.*SQL Server terminating because of a system shutdown.*]]></regex>
	      </collectAndSetAttrByRegex>
	    </when>
	    
	    <!-- Zenith ARCA back up -->
	    <when test='$_id IN "1120, 1121"'>
		 <collectAndSetAttrByKeyValuePair sep=' [' src="$_body">
		   <attrKeyMap attr="backupStatus" key="[Backup status]="/>
		   <attrKeyMap attr="imageFile" key="[Image file]="/>
		   <attrKeyMap attr="code" key="[Code]="/>
		   <attrKeyMap attr="startTime" key="[Start time]="/>
		   <attrKeyMap attr="msg" key="[Message]="/>
		 </collectAndSetAttrByKeyValuePair>
		 <setEventAttribute attr="eventSeverity">3</setEventAttribute>
		 <when test='$_id = "1121"'>
			<setEventAttribute attr="eventSeverity">9</setEventAttribute>
		 </when>		 
	    </when>
  </when>  

 </choose>
    <when test='exist procName'>     
   <setEventAttribute attr="swProcName">$procName</setEventAttribute>
   <when test='not exist appName'>     
     <setEventAttribute attr="appName">$procName</setEventAttribute>
   </when>
 </when>
 <when test='exist computer'>
   <setEventAttribute attr="computer">replaceStrInStr($computer, "\\", "")</setEventAttribute>
 </when>    
    
 
 </parsingInstructions>
</eventParser>
