          <!-- USER ACCOUNT Deleted
       <13>Dec 12 10:09:00 ADS-Pri.ProspectHills.net MSWinEventLog	1	Security	1756	Wed Dec 12 10:08:53 2007	630	Security	SYSTEM	User	Success Audit	ADS-PRI	User Account Deleted		Caller User Name: Administrator	Caller Domain: PROSPECTHILLS		Caller Logon ID: (0x0, 0x158E87) 	Target Account Name: johnDoe  Target Domain: PROSPECTHILLS	Target Account ID: PROSPECTHILLS\johnDoe  New Type: Writer
      -->
          
          <!-- DOMAIN POLICY CHANGED
       <13>Dec 12 10:09:00 ADS-Pri.ProspectHills.net MSWinEventLog	1	Security	1756	Wed Dec 12 10:08:53 2007	643	Security	SYSTEM	User	Success Audit	ADS-PRI	Domain Policy Changed		Caller User Name: Administrator	Caller Domain: PROSPECTHILLS		Caller Logon ID: (0x0, 0x158E87) 	Target Account Name: johnDoe  Target Domain: PROSPECTHILLS	Target Account ID: PROSPECTHILLS\johnDoe  New Type: Writer
      -->

         <collectAndSetAttrByKeyValuePair sep=' ' src="$_body">
            <attrKeyMap attr="user" key="Caller User Name: "/>
            <attrKeyMap attr="domain" key="Caller Domain: "/>
            <attrKeyMap attr="winLogonId" key="Caller Logon ID: "/>
            <attrKeyMap attr="targetUser" key="Target Account Name: "/>
	      <attrKeyMap attr="targetDomain" key="Target Domain: "/>
         </collectAndSetAttrByKeyValuePair>

         <collectAndSetAttrFromAnotherEvent AnotherEventType = "Win-Security-540 OR Win-Security-528">
            <when test = '$winLogonId = $AnotherEventType.winLogonId'>
               <setEventAttribute attr="srcIpAddr">$AnotherEventType.srcIpAddr</setEventAttribute>
            </when>
         </collectAndSetAttrFromAnotherEvent>
		
         <choose>
             <when test="matches($_action, '^Success')">
	          <setEventAttribute attr="eventSeverity">4</setEventAttribute>
              </when>

              <when test="matches($_action, '^Failure)">       
	          <setEventAttribute attr="eventSeverity">7</setEventAttribute>
              </when>
         </choose>
       </when>

       <!-- 4725: A user account was disabled 
            4738: A user account was changed 
	    4722: A user account was enabled 
            4723: Password changed     
            4724: Password reset  -->
       <when test='$_id IN "4725,4738,4722,4723,4724"'>
	 <collectFieldsByRegex src="$_body">
	   <regex><![CDATA[.*Subject:<_subject:gPatMesgBody>Target Account:<_target:gPatMesgBody>]]></regex>
	 </collectFieldsByRegex>
	 
	 <collectAndSetAttrByKeyValuePair sep=' ' src="$_subject">
           <attrKeyMap attr="user" key="Account Name:  "/>
           <attrKeyMap attr="domain" key="Account Domain:  "/>
	   <attrKeyMap attr="winLogonId" key="Logon ID:  "/>
	 </collectAndSetAttrByKeyValuePair>
	 
	 <collectAndSetAttrByKeyValuePair sep=' \\|\t' src="$_target">
           <attrKeyMap attr="targetUser" key="Account Name:  "/>
	   <attrKeyMap attr="targetDomain" key="Account Domain:  "/>
	 </collectAndSetAttrByKeyValuePair>
         
	 <collectAndSetAttrFromAnotherEvent AnotherEventType = "Win-Security-4624">
         <when test = '$winLogonId = $AnotherEvent.winLogonId'>
           <setEventAttribute attr="srcIpAddr">$AnotherEvent.srcIpAddr</setEventAttribute>
         </when>
	 </collectAndSetAttrFromAnotherEvent>
	 
	 <choose>
           <when test="matches($_action, '^Success')">
	     <setEventAttribute attr="eventSeverity">4</setEventAttribute>
           </when>
	   
           <when test="matches($_action, '^Failure)">       
	     <setEventAttribute attr="eventSeverity">7</setEventAttribute>
           </when>
	 </choose>
       </when> 
       
       <when test='$_id = "644"'>
       <!-- USER ACCOUNT LOCKED OUT
       <13>Dec 12 10:09:00 ADS-Pri.ProspectHills.net MSWinEventLog	1	Security	1756	Wed Dec 12 10:08:53 2007	644	Security	SYSTEM	User	Success Audit	ADS-PRI	Domain Policy Changed		Caller User Name: partha-laptop$	 Caller Machine Name: partha-laptop  Caller Domain: PROSPECTHILLS		Caller Logon ID: (0x0, 0x158E87) 	Target Account Name: partha  Target Domain: PROSPECTHILLS	Target Account ID: PROSPECTHILLS\johnDoe 
      -->

         <collectAndSetAttrByKeyValuePair sep=' ' src="$_body">
	   <attrKeyMap attr="computer" key="Caller Machine Name: "/>
	   <attrKeyMap attr="user" key="Target Account Name: "/>
	   <attrKeyMap attr="domain" key="Caller Domain: "/>
	   <attrKeyMap attr="winLogonId" key="Caller Logon ID: "/>
	   <attrKeyMap attr="targetDomain" key="Target Domain: "/>
         </collectAndSetAttrByKeyValuePair>

        <collectAndSetAttrFromAnotherEvent AnotherEventType = "Win-Security-540 OR Win-Security-528">
           <when test = '$winLogonId = $AnotherEventType.winLogonId'>
             <setEventAttribute attr="srcIpAddr">$AnotherEventType.srcIpAddr</setEventAttribute>
           </when>
        </collectAndSetAttrFromAnotherEvent>
        <setEventAttribute attr="eventSeverity">10</setEventAttribute>		
       </when>

       <!-- A user account was locked out -->
       <when test='$_id = "4740"'>
	 <collectFieldsByRegex src="$_body">
	   <regex><![CDATA[.*Subject:<_subject:gPatMesgBody>Account That Was Locked Out:<_target:gPatMesgBody>Additional Information:<_addl:gPatMesgBody>]]></regex>
	 </collectFieldsByRegex>
	 
	 <collectAndSetAttrByKeyValuePair sep=' ' src="$_subject">
           <attrKeyMap attr="domain" key="Account Domain:  "/>
	   <attrKeyMap attr="winLogonId" key="Logon ID:  "/>
	 </collectAndSetAttrByKeyValuePair>
	 
	 <collectAndSetAttrByKeyValuePair sep=' \\|\t' src="$_target">
           <attrKeyMap attr="user" key="Account Name:  "/>
	 </collectAndSetAttrByKeyValuePair>
         
	 <collectAndSetAttrByKeyValuePair sep=' \\|\t' src="$_addl">
           <attrKeyMap attr="srcIpAddr" key="Caller Computer Name: "/>
	 </collectAndSetAttrByKeyValuePair>
	 <collectAndSetAttrFromAnotherEvent AnotherEventType = "Win-Security-4624">
         <when test = '$winLogonId = $AnotherEvent.winLogonId'>
           <setEventAttribute attr="srcIpAddr">$AnotherEvent.srcIpAddr</setEventAttribute>
         </when>
	 </collectAndSetAttrFromAnotherEvent>
	 <setEventAttribute attr="eventSeverity">10</setEventAttribute>
       </when>

       <!-- Security enabled/disabled local/global/universal group created -->
       <when test='$_id IN "631, 635, 648, 653, 658, 663"'>   
     
       <!-- <13>Dec 12 10:09:00 ADS-Pri.ProspectHills.net MSWinEventLog	1	Security	1756	Wed Dec 12 10:08:53 2007	631	Security	SYSTEM	User	Success Audit	ADS-PRI	Security enabled global group created		Caller User Name: partha  Caller Domain: PROSPECTHILLS		Caller Logon ID: (0x0, 0x158E87) 	New Account Name: johnDoe  New Domain: PROSPECTHILLS	Target Account ID: PROSPECTHILLS\johnDoe 
      -->
          <collectAndSetAttrByKeyValuePair sep=' ' src="$_body">
             <attrKeyMap attr="user" key="Caller User Name: "/>
             <attrKeyMap attr="domain" key="Caller Domain: "/>
             <attrKeyMap attr="winLogonId" key="Caller Logon ID: "/>
             <attrKeyMap attr="targetUserGrp" key="New Account Name: "/>
	     <attrKeyMap attr="targetDomain" key="New Domain: "/>
          </collectAndSetAttrByKeyValuePair>

          <collectAndSetAttrFromAnotherEvent AnotherEventType = "Win-Security-540 OR Win-Security-528">
             <when test = '$winLogonId = $AnotherEventType.winLogonId'>
                <setEventAttribute attr="srcIpAddr">$AnotherEventType.srcIpAddr</setEventAttribute>
             </when>
          </collectAndSetAttrFromAnotherEvent>

          <choose>
             <when test="matches($_action, '^Success')">
	          <setEventAttribute attr="eventSeverity">5</setEventAttribute>
              </when>

              <when test="matches($_action, '^Failure)">       
	          <setEventAttribute attr="eventSeverity">7</setEventAttribute>
              </when>
          </choose>		
       </when>

       <!-- A security-enabled/disabled local/global/universal group was created -->
       <when test='$_id IN "4731, 4744, 4727, 4754, 4759, 4749"'>
         <collectFieldsByRegex src="$_body">
	   <regex><![CDATA[.*Subject:<_subject:gPatMesgBody>New?\s*Group:<_grp:gPatMesgBody>Attributes:<_attrib:gPatMesgBody>]]></regex>
	 </collectFieldsByRegex>

	 <collectAndSetAttrByKeyValuePair sep=' ' src="$_subject">
           <attrKeyMap attr="user" key="Account Name:  "/>
           <attrKeyMap attr="domain" key="Account Domain:  "/>
	   <attrKeyMap attr="winLogonId" key="Logon ID:  "/>
         </collectAndSetAttrByKeyValuePair>

	 <collectFieldsByRegex src="$_grp">
	   <regex><![CDATA[.*Group Name:  <targetUserGrp:gPatMesgBody>Group Domain:  <targetDomain:gPatMesgBody>]]></regex>
	 </collectFieldsByRegex>

         <collectAndSetAttrFromAnotherEvent AnotherEventType = "Win-Security-4624">
           <when test = '$winLogonId = $AnotherEvent.winLogonId'>
             <setEventAttribute attr="srcIpAddr">$AnotherEvent.srcIpAddr</setEventAttribute>
           </when>
	 </collectAndSetAttrFromAnotherEvent>
	 
	 <choose>
           <when test="matches($_action, '^Success')">
	     <setEventAttribute attr="eventSeverity">5</setEventAttribute>
           </when>
	   
           <when test="matches($_action, '^Failure)">       
	     <setEventAttribute attr="eventSeverity">7</setEventAttribute>
           </when>
	 </choose>
       </when>

       <!-- A member added to a security-enabled/disabled local/global/universal group -->
       <when test='$_id IN "632, 636, 650, 655, 660, 665"'>

         <!-- SECURITY ENABLED/DISABLED LOCAL/GLOBAL/UNIVERSAL GROUP MEMBER ADDED
       <13>Dec 12 10:09:00 ADS-Pri.ProspectHills.net MSWinEventLog	1	Security	1756	Wed Dec 12 10:08:53 2007	632	Security	SYSTEM	User	Success Audit	ADS-PRI	Security enabled global group member added		Caller User Name: partha    Caller Domain: PROSPECTHILLS		Caller Logon ID: (0x0, 0x158E87) 	Target Account Name: johnDoe  Target Domain: PROSPECTHILLS	Target Account ID: PROSPECTHILLS\johnDoe 
      -->

         <collectAndSetAttrByKeyValuePair sep=' ' src="$_body">
           <attrKeyMap attr="user" key="Caller User Name: "/>
           <attrKeyMap attr="domain" key="Caller Domain: "/>
           <attrKeyMap attr="winLogonId" key="Caller Logon ID: "/>
	   <attrKeyMap attr="targetUser" key="Member Name: "/>
           <attrKeyMap attr="targetUserGrp" key="Target Account Name: "/>
    	   <attrKeyMap attr="targetDomain" key="Target Domain: "/>
         </collectAndSetAttrByKeyValuePair>
	 
         <collectAndSetAttrFromAnotherEvent AnotherEventType = "Win-Security-540 OR Win-Security-528">
           <when test = '$winLogonId = $AnotherEventType.winLogonId'>
             <setEventAttribute attr="srcIpAddr">$AnotherEventType.srcIpAddr</setEventAttribute>
           </when>
         </collectAndSetAttrFromAnotherEvent>
	 
         <choose>
           <when test="matches($_action, '^Success')">
	     <setEventAttribute attr="eventSeverity">5</setEventAttribute>
           </when>
	   
           <when test="matches($_action, '^Failure)">       
	     <setEventAttribute attr="eventSeverity">7</setEventAttribute>
           </when>
         </choose>		
       </when>
       
       <!-- A member was added to a security-enabled global group -->
       <when test='$_id IN "4746, 4751, 4761, 4728, 4732, 4756, 4785, 4787"'>
	 <collectFieldsByRegex src="$_body">
	   <regex><![CDATA[.*Subject:<_subject:gPatMesgBody>Member:<_member:gPatMesgBody>Group:<_grp:gPatMesgBody>]]></regex>
	 </collectFieldsByRegex>
	 <setEventAttribute attr="fileName">$_subject</setEventAttribute>
	 <collectAndSetAttrByKeyValuePair sep=' \\|\t' src="$_subject">
           <attrKeyMap attr="user" key="Account Name:  "/>
           <attrKeyMap attr="domain" key="Account Domain:  "/>
	   <attrKeyMap attr="winLogonId" key="Logon ID:  "/>
	 </collectAndSetAttrByKeyValuePair>
	 
	 <collectAndSetAttrByKeyValuePair sep=' ' src="$_member">
           <attrKeyMap attr="targetUser" key="Account Name:  "/>
	 </collectAndSetAttrByKeyValuePair>
	 
	 <collectFieldsByRegex src="$_grp">
	   <regex><![CDATA[.*Group Name:  <targetUserGrp:gPatMesgBody>Group Domain:  <targetDomain:gPatStr>]]></regex>
	 </collectFieldsByRegex>
	 
	 <collectAndSetAttrFromAnotherEvent AnotherEventType = "Win-Security-4624">
           <when test = '$winLogonId = $AnotherEvent.winLogonId'>
             <setEventAttribute attr="srcIpAddr">$AnotherEvent.srcIpAddr</setEventAttribute>
         </when>
	 </collectAndSetAttrFromAnotherEvent>
	 
	 <choose>
           <when test="matches($_action, '^Success')">
	     <setEventAttribute attr="eventSeverity">5</setEventAttribute>
           </when>
	   
           <when test="matches($_action, '^Failure)">       
	     <setEventAttribute attr="eventSeverity">7</setEventAttribute>
           </when>
	 </choose>
       </when> 

      <!-- A member was removed from a security-enabled global group -->
      <when test='$_id IN "633, 637, 651, 656, 661, 666"'>

       <!-- SECURITY ENABLED/DISABLED LOCAL/GLOBAL/UNIVERSAL GROUP MEMBER REMOVED
         <13>Dec 12 10:09:00 ADS-Pri.ProspectHills.net MSWinEventLog	1	Security	1756	Wed Dec 12 10:08:53 2007	633	Security	SYSTEM	User	Success Audit	ADS-PRI	Security enabled global group member removed		Caller User Name: partha   Caller Domain: PROSPECTHILLS		Caller Logon ID: (0x0, 0x158E87) 	Target Account Name: johnDoe  Target Domain: PROSPECTHILLS	Target Account ID: PROSPECTHILLS\johnDoe 
      -->

       <collectAndSetAttrByKeyValuePair sep=' ' src="$_body">
          <attrKeyMap attr="user" key="Caller User Name: "/>
          <attrKeyMap attr="domain" key="Caller Domain: "/>
          <attrKeyMap attr="winLogonId" key="Caller Logon ID: "/>
	  <attrKeyMap attr="targetUser" key="Member Name:: "/>
          <attrKeyMap attr="targetUserGrp" key="Target Account Name: "/>
	  <attrKeyMap attr="targetDomain" key="Target Domain: "/>
       </collectAndSetAttrByKeyValuePair>

       <collectAndSetAttrFromAnotherEvent AnotherEventType = "Win-Security-540 OR Win-Security-528">
         <when test = '$winLogonId = $AnotherEventType.winLogonId'>
           <setEventAttribute attr="srcIpAddr">$AnotherEventType.srcIpAddr</setEventAttribute>
         </when>
       </collectAndSetAttrFromAnotherEvent>
       
       <choose>
          <when test="matches($_action, '^Success')">
	       <setEventAttribute attr="eventSeverity">5</setEventAttribute>
           </when>

           <when test="matches($_action, '^Failure)">       
	       <setEventAttribute attr="eventSeverity">7</setEventAttribute>
           </when>
       </choose>		
     </when>

     <!-- A member was removed from a security-enabled global group -->
     <when test='$_id = "4747, 4752, 4762, 4729, 4733, 4757, 4786, 4788"'>
       <collectFieldsByRegex src="$_body">
	 <regex><![CDATA[.*Subject:<_subject:gPatMesgBody>Member:<_member:gPatMesgBody>Group:<_grp:gPatMesgBody>]]></regex>
       </collectFieldsByRegex>
       
       <collectAndSetAttrByKeyValuePair sep=' \\|\t' src="$_subject">
         <attrKeyMap attr="user" key="Account Name:  "/>
         <attrKeyMap attr="domain" key="Account Domain:  "/>
	 <attrKeyMap attr="winLogonId" key="Logon ID:  "/>
       </collectAndSetAttrByKeyValuePair>
  
       <collectAndSetAttrByKeyValuePair sep=' ' src="$_member">
         <attrKeyMap attr="targetUser" key="Account Name:  "/>
       </collectAndSetAttrByKeyValuePair>

       <collectFieldsByRegex src="$_grp">
	 <regex><![CDATA[.*Group Name:  <targetUserGrp:gPatMesgBody>Group Domain:  <targetDomain:gPatStr>]]></regex>
       </collectFieldsByRegex>
       
       <collectAndSetAttrFromAnotherEvent AnotherEventType = "Win-Security-4624">
         <when test = '$winLogonId = $AnotherEvent.winLogonId'>
           <setEventAttribute attr="srcIpAddr">$AnotherEvent.srcIpAddr</setEventAttribute>
         </when>
	 </collectAndSetAttrFromAnotherEvent>
	 
	 <choose>
           <when test="matches($_action, '^Success')">
	     <setEventAttribute attr="eventSeverity">5</setEventAttribute>
           </when>
	   
           <when test="matches($_action, '^Failure)">       
	     <setEventAttribute attr="eventSeverity">7</setEventAttribute>
           </when>
	 </choose>
     </when> 

     <!-- Group deleted or modified -->
     <when test='$_id IN "634, 638, 652, 657, 662, 667, 639, 641, 649, 654, 659, 664"'>

        <!-- SECURITY ENABLED/DISABLED LOCAL/GLOBAL/UNIVERSAL GROUP DELETED
       <13>Dec 12 10:09:00 ADS-Pri.ProspectHills.net MSWinEventLog	1	Security	1756	Wed Dec 12 10:08:53 2007	634	Security	SYSTEM	User	Success Audit	ADS-PRI	Security enabled global group deleted		Caller User Name: partha  Caller Domain: PROSPECTHILLS		Caller Logon ID: (0x0, 0x158E87) 	Target Account Name: johnDoe  Target Domain: PROSPECTHILLS	Target Account ID: PROSPECTHILLS\johnDoe 
      -->

        <!-- SECURITY ENABLED/DISABLED LOCAL/GLOBAL/UNIVERSAL GROUP CHANGED
       <13>Dec 12 10:09:00 ADS-Pri.ProspectHills.net MSWinEventLog	1	Security	1756	Wed Dec 12 10:08:53 2007	641	Security	SYSTEM	User	Success Audit	ADS-PRI	Security enabled global group changed		Caller User Name: partha   Caller Domain: PROSPECTHILLS		Caller Logon ID: (0x0, 0x158E87) 	Target Account Name: johnDoe  Target Domain: PROSPECTHILLS	Target Account ID: PROSPECTHILLS\johnDoe 
      -->

        <collectAndSetAttrByKeyValuePair sep=' ' src="$_body">
          <attrKeyMap attr="user" key="Caller User Name: "/>
          <attrKeyMap attr="domain" key="Caller Domain: "/>
          <attrKeyMap attr="winLogonId" key="Caller Logon ID: "/>
          <attrKeyMap attr="targetUserGrp" key="Target Account Name: "/>
	    <attrKeyMap attr="targetDomain" key="Target Domain: "/>
        </collectAndSetAttrByKeyValuePair>

        <collectAndSetAttrFromAnotherEvent AnotherEventType = "Win-Security-540 OR Win-Security-528">
          <when test = '$winLogonId = $AnotherEventType.winLogonId'>
             <setEventAttribute attr="srcIpAddr">$AnotherEventType.srcIpAddr</setEventAttribute>
          </when>
        </collectAndSetAttrFromAnotherEvent>

        <choose>
          <when test="matches($_action, '^Success')">
	       <setEventAttribute attr="eventSeverity">5</setEventAttribute>
           </when>

           <when test="matches($_action, '^Failure)">       
	       <setEventAttribute attr="eventSeverity">7</setEventAttribute>
           </when>
        </choose>			
     </when>

     <!-- Domain Policy was changed --> 
     <when test='$_id = "4739"'>
       <collectFieldsByRegex src="$_body">
	 <regex><![CDATA[.*Subject:<_subject:gPatMesgBody>Domain:<_dom:gPatMesgBody>Changed Attributes:<_attrib:gPatMesgBody>]]></regex>
       </collectFieldsByRegex>
       
       <collectAndSetAttrByKeyValuePair sep=' ' src="$_subject">
         <attrKeyMap attr="user" key="Account Name:  "/>
         <attrKeyMap attr="domain" key="Account Domain:  "/>
	 <attrKeyMap attr="winLogonId" key="Logon ID:  "/>
       </collectAndSetAttrByKeyValuePair>
      
       <collectAndSetAttrByKeyValuePair sep=' ' src="$_dom">
         <attrKeyMap attr="targetDomain" key="Domain Name:  "/>
       </collectAndSetAttrByKeyValuePair>
       <collectAndSetAttrFromAnotherEvent AnotherEventType = "Win-Security-4624">
         <when test = '$winLogonId = $AnotherEventType.winLogonId'>
           <setEventAttribute attr="srcIpAddr">$AnotherEventType.srcIpAddr</setEventAttribute>
         </when>
       </collectAndSetAttrFromAnotherEvent>
       <choose>
          <when test="matches($_action, '^Success')">
	       <setEventAttribute attr="eventSeverity">5</setEventAttribute>
           </when>

           <when test="matches($_action, '^Failure)">       
	       <setEventAttribute attr="eventSeverity">7</setEventAttribute>
           </when>
       </choose>
     </when>
     
     <!-- A security-enabled/disabled local/global/unversal group was modified -->
     <when test='$_id IN "4735, 4737, 4755, 4745, 4750, 4760"'>
       <collectFieldsByRegex src="$_body">
	 <regex><![CDATA[.*Subject:<_subject:gPatMesgBody>Group:<_grp:gPatMesgBody>Changed Attributes:<_attrib:gPatMesgBody>]]></regex>
       </collectFieldsByRegex>
       
       <collectAndSetAttrByKeyValuePair sep=' ' src="$_subject">
         <attrKeyMap attr="user" key="Account Name:  "/>
         <attrKeyMap attr="domain" key="Account Domain:  "/>
	 <attrKeyMap attr="winLogonId" key="Logon ID:  "/>
       </collectAndSetAttrByKeyValuePair>
      
       <collectFieldsByRegex src="$_grp">
	 <regex><![CDATA[.*Group Name:  <targetUserGrp:gPatMesgBody>Group Domain:  <targetDomain:gPatMesgBody>]]></regex>
       </collectFieldsByRegex>
       <collectAndSetAttrFromAnotherEvent AnotherEventType = "Win-Security-4624">
         <when test = '$winLogonId = $AnotherEventType.winLogonId'>
           <setEventAttribute attr="srcIpAddr">$AnotherEventType.srcIpAddr</setEventAttribute>
         </when>
       </collectAndSetAttrFromAnotherEvent>
       <choose>
          <when test="matches($_action, '^Success')">
	       <setEventAttribute attr="eventSeverity">5</setEventAttribute>
           </when>

           <when test="matches($_action, '^Failure)">       
	       <setEventAttribute attr="eventSeverity">7</setEventAttribute>
           </when>
       </choose>
     </when>
     
     <!-- A security-enabled/disabled local/global/universal group was deleted -->
     <when test='$_id IN "4789, 4763, 4748, 4753, 4734, 4758, 4730"'>
       <collectFieldsByRegex src="$_body">
	 <regex><![CDATA[.*Subject:<_subject:gPatMesgBody>Deleted?\s*Group:<_grp:gPatMesgBody>Additional Information:<_addl:gPatMesgBody>]]></regex>
       </collectFieldsByRegex>
       
       <collectAndSetAttrByKeyValuePair sep=' ' src="$_subject">
         <attrKeyMap attr="user" key="Account Name:  "/>
         <attrKeyMap attr="domain" key="Account Domain:  "/>
	 <attrKeyMap attr="winLogonId" key="Logon ID:  "/>
       </collectAndSetAttrByKeyValuePair>
  
       <collectFieldsByRegex src="$_grp">
	 <regex><![CDATA[.*Group Name:  <targetUserGrp:gPatMesgBody>Group Domain:  <targetDomain:gPatMesgBody>]]></regex>
       </collectFieldsByRegex>

       <collectAndSetAttrFromAnotherEvent AnotherEventType = "Win-Security-4624">
         <when test = '$winLogonId = $AnotherEventType.winLogonId'>
           <setEventAttribute attr="srcIpAddr">$AnotherEventType.srcIpAddr</setEventAttribute>
         </when>
       </collectAndSetAttrFromAnotherEvent>
       <choose>
          <when test="matches($_action, '^Success')">
	       <setEventAttribute attr="eventSeverity">5</setEventAttribute>
           </when>

           <when test="matches($_action, '^Failure)">       
	       <setEventAttribute attr="eventSeverity">7</setEventAttribute>
           </when>
       </choose>
     </when>

     <when test='$_id IN "670, 671"'>
         <!-- 670: add SID hostory failure, 671: account unlocked
       <13>Dec 12 10:09:00 ADS-Pri.ProspectHills.net MSWinEventLog	1	Security	1756	Wed Dec 12 10:08:53 2007	668	Security	SYSTEM	User	Success Audit	ADS-PRI	Group Type changed		Caller User Name: partha   Caller Domain: PROSPECTHILLS		Caller Logon ID: (0x0, 0x158E87) 	Target Account Name: johnDoe  Target Domain: PROSPECTHILLS	Target Account ID: PROSPECTHILLS\johnDoe 
      -->

       <collectAndSetAttrByKeyValuePair sep=' ' src="$_body">
          <attrKeyMap attr="user" key="Caller User Name: "/>
          <attrKeyMap attr="domain" key="Caller Domain: "/>
          <attrKeyMap attr="winLogonId" key="Caller Logon ID: "/>
          <attrKeyMap attr="targetUser" key="Target Account Name: "/>
	    <attrKeyMap attr="targetDomain" key="Target Domain: "/>
       </collectAndSetAttrByKeyValuePair>

       <collectAndSetAttrFromAnotherEvent AnotherEventType = "Win-Security-540 OR Win-Security-528">
          <when test = '$winLogonId = $AnotherEventType.winLogonId'>
             <setEventAttribute attr="srcIpAddr">$AnotherEventType.srcIpAddr</setEventAttribute>
          </when>
       </collectAndSetAttrFromAnotherEvent>

       <setEventAttribute attr="eventSeverity">5</setEventAttribute>	
   </when>

   <when test='$_id = "669"'>
         <!-- 670: add SID hostory success
       <13>Dec 12 10:09:00 ADS-Pri.ProspectHills.net MSWinEventLog	1	Security	1756	Wed Dec 12 10:08:53 2007	668	Security	SYSTEM	User	Success Audit	ADS-PRI	Group Type changed		Caller User Name: partha   Caller Domain: PROSPECTHILLS		Caller Logon ID: (0x0, 0x158E87) 	Target Account Name: johnDoe  Target Domain: PROSPECTHILLS	Target Account ID: PROSPECTHILLS\johnDoe 
      -->

       <collectAndSetAttrByKeyValuePair sep=' ' src="$_body">
          <attrKeyMap attr="user" key="Caller User Name: "/>
          <attrKeyMap attr="domain" key="Caller Domain: "/>
          <attrKeyMap attr="winLogonId" key="Caller Logon ID: "/>
          <attrKeyMap attr="targetUser" key="Target Account Name: "/>
	    <attrKeyMap attr="targetDomain" key="Target Domain: "/>
       </collectAndSetAttrByKeyValuePair>

       <collectAndSetAttrFromAnotherEvent AnotherEventType = "Win-Security-540 OR Win-Security-528">
          <when test = '$winLogonId = $AnotherEventType.winLogonId'>
             <setEventAttribute attr="srcIpAddr">$AnotherEventType.srcIpAddr</setEventAttribute>
          </when>
       </collectAndSetAttrFromAnotherEvent>

       <setEventAttribute attr="eventSeverity">4</setEventAttribute>	
   </when>

   <when test='$_id IN "640, 668"'>
         <!-- 640: account database change, 668: group type change
       <13>Dec 12 10:09:00 ADS-Pri.ProspectHills.net MSWinEventLog	1	Security	1756	Wed Dec 12 10:08:53 2007	668	Security	SYSTEM	User	Success Audit	ADS-PRI	Group Type changed		Caller User Name: partha   Caller Domain: PROSPECTHILLS		Caller Logon ID: (0x0, 0x158E87) 	Target Account Name: johnDoe  Target Domain: PROSPECTHILLS	Target Account ID: PROSPECTHILLS\johnDoe 
      -->

       <collectAndSetAttrByKeyValuePair sep=' ' src="$_body">
          <attrKeyMap attr="user" key="Caller User Name: "/>
          <attrKeyMap attr="domain" key="Caller Domain: "/>
          <attrKeyMap attr="winLogonId" key="Caller Logon ID: "/>
          <attrKeyMap attr="targetUser" key="Target Account Name: "/>
	    <attrKeyMap attr="targetDomain" key="Target Domain: "/>
       </collectAndSetAttrByKeyValuePair>

       <collectAndSetAttrFromAnotherEvent AnotherEventType = "Win-Security-540 OR Win-Security-528">
          <when test = '$winLogonId = $AnotherEventType.winLogonId'>
             <setEventAttribute attr="srcIpAddr">$AnotherEventType.srcIpAddr</setEventAttribute>
          </when>
       </collectAndSetAttrFromAnotherEvent>

       <choose>
          <when test="matches($_action, '^Success')">
	       <setEventAttribute attr="eventSeverity">5</setEventAttribute>
           </when>

           <when test="matches($_action, '^Failure)">       
	       <setEventAttribute attr="eventSeverity">7</setEventAttribute>
           </when>
        </choose>	
   </when>

   <when test='$_id = "680"'>

     <!-- SUCCESSFUL / FAILED DOMAIN RESOURCE ACCESS VIA NTLM 
       <13>Nov 29 00:01:12 ADS-Pri.ProspectHills.net MSWinEventLog	1	Security	16714	Thu Nov 29 00:01:04 2007	680	Security	SYSTEM	User	Failure Audit	ADS-PRI  Account Used For Logon By  Logon Account: partha  Source Workstation: PARTHA_LAPTOP Error Code: 0xC0000064     
      -->

       <collectAndSetAttrByKeyValuePair sep=' ' src="$_body">
          <attrKeyMap attr="winLogonFailCode" key="Error Code: "/>
       </collectAndSetAttrByKeyValuePair>

       <choose>
         <when test='$winLogonFailCode IN "-, 0x0"'>
            <setEventAttribute attr="eventType">combineMsgId("Win", "-", $_OSModule, "-", $_id, "-", "success")</setEventAttribute>
            <setEventAttribute attr="eventSeverity">1</setEventAttribute>
         </when>
         <otherwise>
           <setEventAttribute attr="eventType">combineMsgId("Win", "-", $_OSModule, "-", $_id, "-", "failure")</setEventAttribute>
           <setEventAttribute attr="eventSeverity">3</setEventAttribute>            
         </otherwise>
       </choose>

       <collectAndSetAttrByKeyValuePair sep=' ' src="$_body">
         <attrKeyMap attr="user" key="Logon Account: "/>
         <attrKeyMap attr="computer" key="Source Workstation: "/>
	 <attrKeyMap attr="winLogonFailCode" key="Error Code: "/>
       </collectAndSetAttrByKeyValuePair>
   </when>

     <!-- The domain controller attempted to validate the credentials for an account -->
     <when test='$_id = "4776"'>
       <collectAndSetAttrByKeyValuePair sep='  \\|\t' src="$_body">
	 <attrKeyMap attr="user" key="Logon Account: "/>
         <attrKeyMap attr="srcIpAddr" key="Source Workstation: "/>
	 <attrKeyMap attr="winLogonFailCode" key="Error Code: "/>
       </collectAndSetAttrByKeyValuePair> 
       <setEventAttribute attr="eventSeverity">1</setEventAttribute>
 
       <choose>
         <when test='$winLogonFailCode IN "-,0x0"'>
            <setEventAttribute attr="eventType">combineMsgId("Win", "-", $_OSModule, "-", $_id, "-", "success")</setEventAttribute>
            <setEventAttribute attr="eventSeverity">1</setEventAttribute>
         </when>
         <otherwise>
           <setEventAttribute attr="eventType">combineMsgId("Win", "-", $_OSModule, "-", $_id, "-", "failure")</setEventAttribute>
           <setEventAttribute attr="eventSeverity">3</setEventAttribute>            
         </otherwise>
       </choose>
         <when test="not_matches($srcIpAddr, '\d{1,3}\.\d{1,3}\.\d{1,3}\.\d{1,3}')">
          <setEventAttribute attr="srcIpAddr">$reptDevIpAddr</setEventAttribute>
        </when>
     </when>  

   <when test='$_id = "684"'>
     <!-- various
       <13>Dec 12 10:09:00 ADS-Pri.ProspectHills.net MSWinEventLog	1	Security	1756	Wed Dec 12 10:08:53 2007	684	Security	SYSTEM	User	Success Audit	ADS-PRI	Set ACLs of members in administrators groups:		Caller User Name: partha   Caller Domain: PROSPECTHILLS		Caller Logon ID: (0x0, 0x158E87) 	Target Account Name: johnDoe  Target Domain: DC=PROSPECTHILLS, DC=local	Target Account ID: PROSPECTHILLS\johnDoe 
      -->

       <collectAndSetAttrByKeyValuePair sep=' ' src="$_body">
           <attrKeyMap attr="_targetAcct" key="Target Account ID: "/>
       </collectAndSetAttrByKeyValuePair>

       <collectFieldsByRegex src="$_targetAcct">
           <regex> <![CDATA[<_targetDomain:gPatWord>\<:gPatWord>]]> </regex>
       </collectFieldsByRegex>
 
       <setEventAttribute attr="targetDomain">$_targetDomain</setEventAttribute> 

       <collectAndSetAttrByKeyValuePair sep=' ' src="$_body">
          <attrKeyMap attr="user" key="Caller User Name: "/>
          <attrKeyMap attr="domain" key="Caller Domain: "/>
          <attrKeyMap attr="winLogonId" key="Caller Logon ID: "/>
          <attrKeyMap attr="targetUser" key="Target Account Name: "/>
	    <attrKeyMap attr="targetDomain" key="Target Domain: "/>
       </collectAndSetAttrByKeyValuePair>

       <collectAndSetAttrFromAnotherEvent AnotherEventType = "Win-Security-540 OR Win-Security-528">
          <when test = '$winLogonId = $AnotherEventType.winLogonId'>
             <setEventAttribute attr="srcIpAddr">$AnotherEventType.srcIpAddr</setEventAttribute>
          </when>
       </collectAndSetAttrFromAnotherEvent>

       <setEventAttribute attr="eventSeverity">1</setEventAttribute>	
     </when>


     <when test='$_id = "685"'>
     <!-- ACCOUNT NAME CHANGED
       <13>Dec 12 10:09:00 ADS-Pri.ProspectHills.net MSWinEventLog	1	Security	1756	Wed Dec 12 10:08:53 2007	668	Security	SYSTEM	User	Success Audit	ADS-PRI	Windows account name changed		Caller User Name: partha   Caller Domain: PROSPECTHILLS		Caller Logon ID: (0x0, 0x158E87) 	Old Account Name: johnDoe  New Account Name: newJohnDoe  Target Domain: PROSPECTHILLS	Target Account ID: PROSPECTHILLS\johnDoe 
      -->

       <collectAndSetAttrByKeyValuePair sep=' ' src="$_body">
          <attrKeyMap attr="user" key="Caller User Name: "/>
          <attrKeyMap attr="domain" key="Caller Domain: "/>
          <attrKeyMap attr="winLogonId" key="Caller Logon ID: "/>
          <attrKeyMap attr="targetUser" key="Old Account Name: "/>
	    <attrKeyMap attr="targetDomain" key="Target Domain: "/>
       </collectAndSetAttrByKeyValuePair>

       <collectAndSetAttrFromAnotherEvent AnotherEventType = "Win-Security-540 OR Win-Security-528">
          <when test = '$winLogonId = $AnotherEventType.winLogonId'>
             <setEventAttribute attr="srcIpAddr">$AnotherEventType.srcIpAddr</setEventAttribute>
          </when>
       </collectAndSetAttrFromAnotherEvent>

       <setEventAttribute attr="eventSeverity">2</setEventAttribute>			
     </when>

     <when test='$_id = "686"'>
     <!-- password of user accessed
       <13>Dec 12 10:09:00 ADS-Pri.ProspectHills.net MSWinEventLog	1	Security	1756	Wed Dec 12 10:08:53 2007	686	Security	SYSTEM	User	Success Audit	ADS-PRI	Windows user password accessed		Caller User Name: partha   Caller Domain: PROSPECTHILLS	Caller Logon ID: (0x0, 0x158E87) 	Target User Name: johnDoe  Target Domain: PROSPECTHILLS 
      -->

       <collectAndSetAttrByKeyValuePair sep=' ' src="$_body">
          <attrKeyMap attr="user" key="Caller User Name: "/>
          <attrKeyMap attr="domain" key="Caller Domain: "/>
          <attrKeyMap attr="winLogonId" key="Caller Logon ID: "/>
          <attrKeyMap attr="targetUser" key="Target User Name: "/>
	    <attrKeyMap attr="targetDomain" key="Target Domain: "/>
       </collectAndSetAttrByKeyValuePair>

       <collectAndSetAttrFromAnotherEvent AnotherEventType = "Win-Security-540 OR Win-Security-528">
          <when test = '$winLogonId = $AnotherEventType.winLogonId'>
             <setEventAttribute attr="srcIpAddr">$AnotherEventType.srcIpAddr</setEventAttribute>
          </when>
       </collectAndSetAttrFromAnotherEvent>	

       <setEventAttribute attr="eventSeverity">1</setEventAttribute>	
     </when>      

     <when test='$_id IN "687, 688"'>
     <!-- various
       <13>Dec 12 10:09:00 ADS-Pri.ProspectHills.net MSWinEventLog	1	Security	1756	Wed Dec 12 10:08:53 2007	688	Security	SYSTEM	User	Success Audit	ADS-PRI	Basic Application Group Changed		Caller User Name: partha   Caller Domain: PROSPECTHILLS		Caller Logon ID: (0x0, 0x158E87) 	Target Account Name: johnDoe  Target Domain: PROSPECTHILLS	Target Account ID: PROSPECTHILLS\johnDoe 
      -->

       <collectAndSetAttrByKeyValuePair sep=' ' src="$_body">
          <attrKeyMap attr="user" key="Caller User Name: "/>
          <attrKeyMap attr="domain" key="Caller Domain: "/>
          <attrKeyMap attr="winLogonId" key="Caller Logon ID: "/>
          <attrKeyMap attr="targetUser" key="New Account Name: "/>
	    <attrKeyMap attr="targetDomain" key="New Domain: "/>
       </collectAndSetAttrByKeyValuePair>

       <collectAndSetAttrFromAnotherEvent AnotherEventType = "Win-Security-540 OR Win-Security-528">
          <when test = '$winLogonId = $AnotherEventType.winLogonId'>
             <setEventAttribute attr="srcIpAddr">$AnotherEventType.srcIpAddr</setEventAttribute>
          </when>
       </collectAndSetAttrFromAnotherEvent>

       <setEventAttribute attr="eventSeverity">1</setEventAttribute>			
   </when>

   <when test='$_id IN "689, 690, 691, 692, 693, 694, 695, 696"'>
     <!-- various
       <13>Dec 12 10:09:00 ADS-Pri.ProspectHills.net MSWinEventLog	1	Security	1756	Wed Dec 12 10:08:53 2007	689	Security	SYSTEM	User	Success Audit	ADS-PRI	Basic Application Group Changed		Caller User Name: partha   Caller Domain: PROSPECTHILLS		Caller Logon ID: (0x0, 0x158E87) 	Target Account Name: johnDoe  Target Domain: PROSPECTHILLS	Target Account ID: PROSPECTHILLS\johnDoe 
      -->

       <collectAndSetAttrByKeyValuePair sep=' ' src="$_body">
          <attrKeyMap attr="user" key="Caller User Name: "/>
          <attrKeyMap attr="domain" key="Caller Domain: "/>
          <attrKeyMap attr="winLogonId" key="Caller Logon ID: "/>
          <attrKeyMap attr="targetUser" key="Target Account Name: "/>
	    <attrKeyMap attr="targetDomain" key="Target Domain: "/>
       </collectAndSetAttrByKeyValuePair>

       <collectAndSetAttrFromAnotherEvent AnotherEventType = "Win-Security-540 OR Win-Security-528">
          <when test = '$winLogonId = $AnotherEventType.winLogonId'>
             <setEventAttribute attr="srcIpAddr">$AnotherEventType.srcIpAddr</setEventAttribute>
          </when>
       </collectAndSetAttrFromAnotherEvent>

       <choose>
          <when test="matches($_action, '^Success')">
	       <setEventAttribute attr="eventSeverity">3</setEventAttribute>
           </when>

           <when test="matches($_action, '^Failure)">       
	       <setEventAttribute attr="eventSeverity">5</setEventAttribute>
           </when>
       </choose>	
		
   </when>

   <when test='$_id = "608"'>
     <!-- user right assigned
       <13>Dec 12 10:09:00 ADS-Pri.ProspectHills.net MSWinEventLog	1	Security	1756	Wed Dec 12 10:08:53 2007	608	Security	SYSTEM	User	Success Audit	ADS-PRI	User Right Assigned		User Name: PROSPECTHILLS$   Domain: PROSPECTHILLS	Logon ID: (0x0, 0x158E87) 	Assigned To: PROSPECTHILLS\johnDoe  Assigned By:  User Right: Assigned User Right: SetUndockPrivilege 
      -->

       <collectAndSetAttrByKeyValuePair sep=' ' src="$_body">
           <attrKeyMap attr="_targetDomUser" key="Assigned To: "/>
       </collectAndSetAttrByKeyValuePair>

       <collectFieldsByRegex src="$_targetDomUser">
           <regex> <![CDATA[ <_targetDomain:gPatWord>\<_targetUser:gPatWord>  ]]> </regex>
       </collectFieldsByRegex>
 
       <setEventAttribute attr="targetDomain">$_targetDomain</setEventAttribute> 
       <setEventAttribute attr="targetUser">$_targetUser</setEventAttribute> 

       <collectAndSetAttrByKeyValuePair sep=' ' src="$_body">
          <attrKeyMap attr="user" key="User Name: "/>
          <attrKeyMap attr="domain" key="Domain: "/>
          <attrKeyMap attr="winLogonId" key="Logon ID: "/>
       </collectAndSetAttrByKeyValuePair>

       <collectAndSetAttrFromAnotherEvent AnotherEventType = "Win-Security-540 OR Win-Security-528">
          <when test = '$winLogonId = $AnotherEventType.winLogonId'>
             <setEventAttribute attr="srcIpAddr">$AnotherEventType.srcIpAddr</setEventAttribute>
          </when>
       </collectAndSetAttrFromAnotherEvent>

       <choose>
          <when test="matches($_action, '^Success')">
	       <setEventAttribute attr="eventSeverity">4</setEventAttribute>
           </when>

           <when test="matches($_action, '^Failure)">       
	       <setEventAttribute attr="eventSeverity">7</setEventAttribute>
           </when>
       </choose>	
   </when>

   <when test='$_id = "609"'>
     <!-- user right removed
       <13>Dec 12 10:09:00 ADS-Pri.ProspectHills.net MSWinEventLog	1	Security	1756	Wed Dec 12 10:08:53 2007	609	Security	SYSTEM	User	Success Audit	ADS-PRI	User Right Removed		User Name: partha   Domain: PROSPECTHILLS	Logon ID: (0x0, 0x158E87) 	User Right: Removed   User Right: johnDoe Removed From AdminGrp 
      -->

       <collectAndSetAttrByKeyValuePair sep=' ' src="$_body">
           <attrKeyMap attr="_userRight" key="User Right: "/>
       </collectAndSetAttrByKeyValuePair>

       <collectFieldsByRegex src="$_userRight">
           <regex> <![CDATA[ <_targetUser:gPatWord> Removed From <_targetUserGrp:gPatWord>]]> </regex>
       </collectFieldsByRegex>
 
       <setEventAttribute attr="targetUserGrp">$_targetUserGrp</setEventAttribute> 
       <setEventAttribute attr="targetUser">$_targetUser</setEventAttribute> 

       <collectAndSetAttrByKeyValuePair sep=' ' src="$_body">
          <attrKeyMap attr="user" key="User Name: "/>
          <attrKeyMap attr="domain" key="Domain: "/>
          <attrKeyMap attr="winLogonId" key="Logon ID: "/>
       </collectAndSetAttrByKeyValuePair>

       <collectAndSetAttrFromAnotherEvent AnotherEventType = "Win-Security-540 OR Win-Security-528">
          <when test = '$winLogonId = $AnotherEventType.winLogonId'>
             <setEventAttribute attr="srcIpAddr">$AnotherEventType.srcIpAddr</setEventAttribute>
          </when>
       </collectAndSetAttrFromAnotherEvent>

       <choose>
          <when test="matches($_action, '^Success')">
	       <setEventAttribute attr="eventSeverity">4</setEventAttribute>
           </when>

           <when test="matches($_action, '^Failure)">       
	       <setEventAttribute attr="eventSeverity">7</setEventAttribute>
           </when>
       </choose>		
   </when>

   <when test='$_id IN "610, 611, 620"'>
     <!-- windows trust domain added/modified/removed
       <13>Dec 12 10:09:00 ADS-Pri.ProspectHills.net MSWinEventLog	1	Security	1756	Wed Dec 12 10:08:53 2007	610	Security	SYSTEM	User	Success Audit	ADS-PRI	New Trusted Domain		User Name: partha   Domain: PROSPECTHILLS		Logon ID: (0x0, 0x158E87) 	Domain Name: johnDoe  Domain ID: PROSPECTHILLS 
      -->

       <collectAndSetAttrByKeyValuePair sep=' ' src="$_body">
          <attrKeyMap attr="user" key="User Name: "/>
          <attrKeyMap attr="domain" key="Domain: "/>
          <attrKeyMap attr="winLogonId" key="Logon ID: "/>
	    <attrKeyMap attr="targetDomain" key="Domain Name: "/>
       </collectAndSetAttrByKeyValuePair>

       <collectAndSetAttrFromAnotherEvent AnotherEventType = "Win-Security-540 OR Win-Security-528">
          <when test = '$winLogonId = $AnotherEventType.winLogonId'>
             <setEventAttribute attr="srcIpAddr">$AnotherEventType.srcIpAddr</setEventAttribute>
          </when>
       </collectAndSetAttrFromAnotherEvent>

       <choose>
          <when test="matches($_action, '^Success')">
	       <setEventAttribute attr="eventSeverity">5</setEventAttribute>
           </when>

           <when test="matches($_action, '^Failure)">       
	       <setEventAttribute attr="eventSeverity">8</setEventAttribute>
           </when>
       </choose>
   </when>   

    <when test='$_id IN "621, 622"'>
             <!-- various
       <13>Dec 12 10:09:00 ADS-Pri.ProspectHills.net MSWinEventLog	1	Security	1756	Wed Dec 12 10:08:53 2007	621	Security	SYSTEM	User	Success Audit	ADS-PRI	System Security Access Granted		User Name: partha   Domain: PROSPECTHILLS	Logon ID: (0x0, 0x158E87) 	Account Modified: PROSPECTHILLS\johnDoe
      -->

       <collectAndSetAttrByKeyValuePair sep=' ' src="$_body">
           <attrKeyMap attr="_targetUser2" key="Account Modified: "/>
       </collectAndSetAttrByKeyValuePair>

       <collectAndSetAttrByRegex src="$_targetUser2">
           <regex> <![CDATA[ <targetUserDomain:gPatWord>\<targetUser:gPatWord>  ]]> </regex>
       </collectAndSetAttrByRegex>

       <collectAndSetAttrByKeyValuePair sep=' ' src="$_body">
          <attrKeyMap attr="user" key="User Name: "/>
          <attrKeyMap attr="domain" key="Domain: "/>
          <attrKeyMap attr="winLogonId" key="Logon ID: "/>
       </collectAndSetAttrByKeyValuePair>

       <collectAndSetAttrFromAnotherEvent AnotherEventType = "Win-Security-540 OR Win-Security-528">
          <when test = '$winLogonId = $AnotherEventType.winLogonId'>
             <setEventAttribute attr="srcIpAddr">$AnotherEventType.srcIpAddr</setEventAttribute>
          </when>
       </collectAndSetAttrFromAnotherEvent>
		
       <choose>
          <when test="matches($_action, '^Success')">
	       <setEventAttribute attr="eventSeverity">5</setEventAttribute>
           </when>

           <when test="matches($_action, '^Failure)">       
	       <setEventAttribute attr="eventSeverity">8</setEventAttribute>
           </when>
       </choose>		
   </when>

   <when test='$_id IN "612, 617, 618, 619"'>

     <!-- kerberos policy, QoS policy, audit policy
       <13>Dec 12 10:09:00 ADS-Pri.ProspectHills.net MSWinEventLog	1	Security	1756	Wed Dec 12 10:08:53 2007	612	Security	SYSTEM	User	Success Audit	ADS-PRI	Windows Audit Policy Changed		User Name: partha   Domain: PROSPECTHILLS		Logon ID: (0x0, 0x158E87)  
      -->

       <collectAndSetAttrByKeyValuePair sep=' ' src="$_body">
          <attrKeyMap attr="user" key="User Name: "/>
          <attrKeyMap attr="domain" key="Domain: "/>
          <attrKeyMap attr="winLogonId" key="Logon ID: "/>           	
       </collectAndSetAttrByKeyValuePair>

       <collectAndSetAttrFromAnotherEvent AnotherEventType = "Win-Security-540 OR Win-Security-528">
          <when test = '$winLogonId = $AnotherEventType.winLogonId'>
             <setEventAttribute attr="srcIpAddr">$AnotherEventType.srcIpAddr</setEventAttribute>
          </when>
       </collectAndSetAttrFromAnotherEvent>
		
       <choose>
          <when test="matches($_action, '^Success')">
	       <setEventAttribute attr="eventSeverity">5</setEventAttribute>
           </when>

           <when test="matches($_action, '^Failure)">       
	       <setEventAttribute attr="eventSeverity">7</setEventAttribute>
           </when>
       </choose>
    </when>
   
    <when test='$_id = "517"'>
     <!-- audit log cleared
       <13>Dec 12 10:09:00 ADS-Pri.ProspectHills.net MSWinEventLog	1	Security	1756	Wed Dec 12 10:08:53 2007	517	Security	SYSTEM	User	Success Audit	ADS-PRI	The audit log was cleared		Client User Name: partha   Client Domain: PROSPECTHILLS		Client Logon ID: (0x0, 0x158E87)  
      -->

       <collectAndSetAttrByKeyValuePair sep=' ' src="$_body">
          <attrKeyMap attr="user" key="Client User Name: "/>
          <attrKeyMap attr="domain" key="Client Domain: "/>
          <attrKeyMap attr="winLogonId" key="Client Logon ID: "/>           	
       </collectAndSetAttrByKeyValuePair>

       <collectAndSetAttrFromAnotherEvent AnotherEventType = "Win-Security-540 OR Win-Security-528">
          <when test = '$winLogonId = $AnotherEventType.winLogonId'>
             <setEventAttribute attr="srcIpAddr">$AnotherEventType.srcIpAddr</setEventAttribute>
          </when>
       </collectAndSetAttrFromAnotherEvent>		

       <choose>
          <when test="matches($_action, '^Success')">
	       <setEventAttribute attr="eventSeverity">5</setEventAttribute>
           </when>

           <when test="matches($_action, '^Failure)">       
	       <setEventAttribute attr="eventSeverity">7</setEventAttribute>
           </when>
       </choose>
   </when>

   <when test='$_id = "514"'>
     <!-- auth package loaded
       <13>Dec 12 10:09:00 ADS-Pri.ProspectHills.net MSWinEventLog	1	Security	1756	Wed Dec 12 10:08:53 2007	514	Security	SYSTEM	User	Success Audit	ADS-PRI	An authentication package has been loaded by the Local Security Authority		Authentication Package Name: NTLM  
      -->

       <collectAndSetAttrByKeyValuePair sep=' ' src="$_body">
          <attrKeyMap attr="procName" key="Authentication Package Name: "/>
       </collectAndSetAttrByKeyValuePair>	

       <choose>
          <when test="matches($_action, '^Success')">
	       <setEventAttribute attr="eventSeverity">3</setEventAttribute>
           </when>

           <when test="matches($_action, '^Failure)">       
	       <setEventAttribute attr="eventSeverity">6</setEventAttribute>
           </when>
       </choose>

   </when>

   <when test='$_id = "515"'>
     <!-- trusted logon process registered
       <13>Dec 12 10:09:00 ADS-Pri.ProspectHills.net MSWinEventLog	1	Security	1756	Wed Dec 12 10:08:53 2007	515	Security	SYSTEM	User	Success Audit	ADS-PRI	A trusted logon process has registered with the Local Security Authority		Logon Process Name: KSecDD  
      -->

       <collectAndSetAttrByKeyValuePair sep=' ' src="$_body">
          <attrKeyMap attr="procName" key="Logon Process Name: "/>
       </collectAndSetAttrByKeyValuePair>	

       <choose>
          <when test="matches($_action, '^Success')">
	       <setEventAttribute attr="eventSeverity">3</setEventAttribute>
           </when>

           <when test="matches($_action, '^Failure)">       
	       <setEventAttribute attr="eventSeverity">6</setEventAttribute>
           </when>
       </choose>

   </when>

   <when test='$_id = "518"'>
     <!-- notofication package loaded 
       <13>Dec 12 10:09:00 ADS-Pri.ProspectHills.net MSWinEventLog	1	Security	1756	Wed Dec 12 10:08:53 2007	515	Security	SYSTEM	User	Success Audit	ADS-PRI	A notification package has been loaded by the Security Account Manager		Notification Package Name: scecli  
      -->

       <collectAndSetAttrByKeyValuePair sep=' ' src="$_body">
          <attrKeyMap attr="procName" key="Notification Package Name: "/>
       </collectAndSetAttrByKeyValuePair>	

       <choose>
          <when test="matches($_action, '^Success')">
	       <setEventAttribute attr="eventSeverity">3</setEventAttribute>
           </when>

           <when test="matches($_action, '^Failure)">       
	       <setEventAttribute attr="eventSeverity">6</setEventAttribute>
           </when>
       </choose>

   </when> 

