   <when test='$_id = "520"'>
     <!-- system time changed
       <13>Dec 12 10:09:00 ADS-Pri.ProspectHills.net MSWinEventLog	1	Security	1756	Wed Dec 12 10:08:53 2007	520	Security	SYSTEM	User	Success Audit	ADS-PRI	The system time was changed		Client User Name: partha   Client Domain: PROSPECTHILLS		Client Logon ID: (0x0, 0x158E87)  Process name: C:\WINDOWS\system32\rundll32.exe
      -->

       <collectAndSetAttrByKeyValuePair sep=' ' src="$_body">
          <attrKeyMap attr="user" key="Client User Name: "/>
          <attrKeyMap attr="domain" key="Client Domain: "/>
          <attrKeyMap attr="winLogonId" key="Client Logon ID: "/>
          <attrKeyMap attr="procName" key="Process  Name: "/>           	
       </collectAndSetAttrByKeyValuePair>

       <collectAndSetAttrFromAnotherEvent AnotherEventType = "Win-Security-540 OR Win-Security-528">
          <when test = '$winLogonId = $AnotherEventType.winLogonId'>
             <setEventAttribute attr="srcIpAddr">$AnotherEventType.srcIpAddr</setEventAttribute>
          </when>
       </collectAndSetAttrFromAnotherEvent>

       <choose>
          <when test="matches($_action, '^Success')">
	       <setEventAttribute attr="eventSeverity">3</setEventAttribute>
           </when>

           <when test="matches($_action, '^Failure)">       
	       <setEventAttribute attr="eventSeverity">6</setEventAttribute>
           </when>
       </choose>		
   </when>

   <when test='$_id = "512"'>
      <!-- windows staring up -->
      <setEventAttribute attr="eventSeverity">2</setEventAttribute>
   </when>

   <when test='$_id = "513"'>
      <!-- windows shutting down -->
      <setEventAttribute attr="eventSeverity">2</setEventAttribute>
   </when>

   <when test='$_id = "613"'>
      <!-- ipsec policy agent started -->
      <setEventAttribute attr="eventSeverity">2</setEventAttribute>
   </when>

   <when test='$_id = "614"'>
      <!-- windows policy agent disabled -->
      <setEventAttribute attr="eventSeverity">5</setEventAttribute>
   </when>

   <when test='$_id = "616"'>
      <!-- windows policy agent serious failure
        -->
      <setEventAttribute attr="eventSeverity">5</setEventAttribute>
   </when>

   <when test='$_id = "516"'>
      <!-- internal resources for queueing audit messages exhausted
        -->
      <setEventAttribute attr="eventSeverity">7</setEventAttribute>
   </when>

   <when test='$_id = "519"'>
      <!-- process using invalid LPC port
        -->
      <setEventAttribute attr="eventSeverity">5</setEventAttribute>
   </when>

   <when test='$_id = "562"'>
     <!-- windows object closed 
       <13>Dec 12 10:09:00 ADS-Pri.ProspectHills.net MSWinEventLog	1	Security	1756	Wed Dec 12 10:08:53 2007	562	Security	SYSTEM	User	Success Audit	ADS-PRI	Handle Closed	 Handle ID: 144 	Image File Name: C:\WINDOWS\system32\notepad.exe 
      -->
       <collectAndSetAttrByKeyValuePair sep=' ' src="$_body">
          	<attrKeyMap attr="procName" key="Image File Name: "/>
            <attrKeyMap attr="osObjHandleID" key="Handle ID: "/>
       </collectAndSetAttrByKeyValuePair>

       <collectAndSetAttrFromAnotherEvent AnotherEventType = "Win-Security-560">
          <when test = '$osObjHandleID = $AnotherEventType.osObjHandleID'>
             <setEventAttribute attr="srcIpAddr">$AnotherEventType.srcIpAddr</setEventAttribute>
		 <setEventAttribute attr="user">$AnotherEventType.user</setEventAttribute>
             <setEventAttribute attr="domain">$AnotherEventType.domain</setEventAttribute>
             <setEventAttribute attr="winLogonId">$AnotherEventType.winLogonId</setEventAttribute>
	       <setEventAttribute attr="osObjName">$AnotherEventType.osObjName</setEventAttribute>
          </when>
       </collectAndSetAttrFromAnotherEvent>

       <choose>
          <when test="matches($_action, '^Success')">
	       <setEventAttribute attr="eventSeverity">1</setEventAttribute>
           </when>

           <when test="matches($_action, '^Failure)">       
	       <setEventAttribute attr="eventSeverity">4</setEventAttribute>
           </when>
       </choose>			
  </when>

  <when test='$_id = "563"'>
     <!-- windows object open for delete
       <13>Dec 12 10:09:00 ADS-Pri.ProspectHills.net MSWinEventLog	1	Security	1756	Wed Dec 12 10:08:53 2007	563	Security	SYSTEM	User	Success Audit	ADS-PRI	Object Open for Delete		Client User Name: partha   Client Domain: PROSPECTHILLS		Client Logon ID: (0x0, 0x158E87)  Object Type: File  New Handle ID: 144 	Image File Name: C:\WINDOWS\system32\notepad.exe Object Name:C:\ConfidentialFiles\ ProjectPlan.doc.txt  Accesses: WriteData (or AddFile) AppendData (or AddSubdirectory or CreatePipeInstance)
      -->

       <collectAndSetAttrByKeyValuePair sep=' ' src="$_body">
          <attrKeyMap attr="user2" key="Client User Name: "/>
       </collectAndSetAttrByKeyValuePair>

	 <choose>
         <when test='$user2 != "-")'>
              <collectAndSetAttrByKeyValuePair sep=' ' src="$_body">
          		<attrKeyMap attr="user" key="Client User Name: "/>
          		<attrKeyMap attr="domain" key="Client Domain: "/>
          		<attrKeyMap attr="winLogonId" key="Client Logon ID: "/>
          		<attrKeyMap attr="procName" key="Image File Name: "/>
 			<attrKeyMap attr="osObjType" key="Object Type: "/>
 			<attrKeyMap attr="osObjName" key="Object Name: "/>
                  <attrKeyMap attr="osObjHandleID" key="New Handle ID: "/>
			<attrKeyMap attr="osObjAccessType" key="Accesses: "/>
              </collectAndSetAttrByKeyValuePair>	
          </when>
          <otherwise>
              <collectAndSetAttrByKeyValuePair sep=' ' src="$_body">
          		<attrKeyMap attr="user" key="Primary User Name: "/>
          		<attrKeyMap attr="domain" key="Primary Domain: "/>
          		<attrKeyMap attr="winLogonId" key="Primary Logon ID: "/>
          		<attrKeyMap attr="procName" key="Image File Name: "/>
			<attrKeyMap attr="osObjType" key="Object Type: "/>
 			<attrKeyMap attr="osObjName" key=" Object Name: "/>
                  <attrKeyMap attr="osObjHandleID" key="New Handle ID: "/>
                  <attrKeyMap attr="osObjAccessType" key="Accesses: "/>
              </collectAndSetAttrByKeyValuePair>	
          </otherwise>

          <collectAndSetAttrFromAnotherEvent AnotherEventType = "Win-Security-540 OR Win-Security-528">
             <when test = '$winLogonId = $AnotherEventType.winLogonId'>
                <setEventAttribute attr="srcIpAddr">$AnotherEventType.srcIpAddr</setEventAttribute>
             </when>
          </collectAndSetAttrFromAnotherEvent>
        </choose>

        <choose>
          <when test="matches($_action, '^Success')">
	       <setEventAttribute attr="eventSeverity">1</setEventAttribute>
           </when>

           <when test="matches($_action, '^Failure)">       
	       <setEventAttribute attr="eventSeverity">4</setEventAttribute>
           </when>
       </choose>		
   </when>

   <when test='$_id = "564"'>
     <!-- windows object deleted
       <13>Dec 12 10:09:00 ADS-Pri.ProspectHills.net MSWinEventLog	1	Security	1756	Wed Dec 12 10:08:53 2007	564	Security	SYSTEM	User	Success Audit	ADS-PRI	Object Deleted	 Handle ID: 144 	Image File Name: C:\WINDOWS\system32\notepad.exe 
      -->
       <collectAndSetAttrByKeyValuePair sep=' ' src="$_body">
          	<attrKeyMap attr="procName" key="Image File Name: "/>
            <attrKeyMap attr="osObjHandleID" key="Handle ID: "/>
       </collectAndSetAttrByKeyValuePair>

       <collectAndSetAttrFromAnotherEvent AnotherEventType = "Win-Security-560">
          <when test = '$osObjHandleID = $AnotherEventType.osObjHandleID'>
             <setEventAttribute attr="srcIpAddr">$AnotherEventType.srcIpAddr</setEventAttribute>
		 <setEventAttribute attr="user">$AnotherEventType.user</setEventAttribute>
             <setEventAttribute attr="domain">$AnotherEventType.domain</setEventAttribute>
             <setEventAttribute attr="winLogonId">$AnotherEventType.winLogonId</setEventAttribute>
	       <setEventAttribute attr="osObjName">$AnotherEventType.osObjName</setEventAttribute>
          </when>
       </collectAndSetAttrFromAnotherEvent>	

       <choose>
          <when test="matches($_action, '^Success')">
	       <setEventAttribute attr="eventSeverity">1</setEventAttribute>
           </when>

           <when test="matches($_action, '^Failure)">       
	       <setEventAttribute attr="eventSeverity">4</setEventAttribute>
           </when>
       </choose>		
  </when>

   <when test='$_id = "806"'>
      <!-- per user audit policy refreshed
        -->
      <choose>
           <when test="matches($_action, '^Success')">
	       <setEventAttribute attr="eventSeverity">1</setEventAttribute>
           </when>

           <when test="matches($_action, '^Failure)">       
	       <setEventAttribute attr="eventSeverity">3</setEventAttribute>
           </when>
      </choose>
   </when>

   <when test='$_id = "807"'>
      <!-- per user audit policy set
        -->
      <choose>
        <when test="matches($_action, '^Success')">
	    <setEventAttribute attr="eventSeverity">1</setEventAttribute>
        </when>

        <when test="matches($_action, '^Failure)">       
	    <setEventAttribute attr="eventSeverity">3</setEventAttribute>
        </when>
     </choose>
   </when>

   <when test='$_id = "615"'>
      <!-- windows ipsec policy changed
        -->
      <choose>
        <when test="matches($_action, '^Success')">
	    <setEventAttribute attr="eventSeverity">1</setEventAttribute>
        </when>

        <when test="matches($_action, '^Failure)">       
	     <setEventAttribute attr="eventSeverity">3</setEventAttribute>
        </when>
      </choose>
   </when>

   <when test='$_id = "674"'>
      <collectAndSetAttrByKeyValuePair sep=' ' src="$_body">
         <attrKeyMap attr="user" key="User Name: "/>
          <attrKeyMap attr="domain" key="User Domain: "/>
          <attrKeyMap attr="srcIpAddr" key="Client Address: "/>
	  <attrKeyMap attr="srcIpAddr" key="Source Network Address: "/>
          <attrKeyMap attr="winSrvcName" key="Service Name: "/>
      </collectAndSetAttrByKeyValuePair>
      <setEventAttribute attr="eventSeverity">1</setEventAttribute>		
   </when>

   <when test='$_id = "677"'>
      <collectAndSetAttrByKeyValuePair sep=' ' src="$_body">
         <attrKeyMap attr="user" key="User Name: "/>
          <attrKeyMap attr="domain" key="Supplied Realm Name: "/>
          <attrKeyMap attr="srcIpAddr" key="Client Address: "/>
	  <attrKeyMap attr="srcIpAddr" key="Source Network Address: "/>
          <attrKeyMap attr="winSrvcName" key="Service Name: "/>
      </collectAndSetAttrByKeyValuePair>
      <setEventAttribute attr="eventSeverity">3</setEventAttribute>		
   </when>

   <when test='$_id = "7035"'>
     <collectAndSetAttrByRegex src="$_body">
       <regex><![CDATA[<:patWordTab>\s+<:patWordTab>\s+The <procName:gPatMesgBody> service<:gPatMesgBody>]]></regex>
     </collectAndSetAttrByRegex>
   </when>

   <when test='$_id = "7036"'>
     <collectAndSetAttrByRegex src="$_body">
       <regex><![CDATA[<:patWordTab>\s+<:patWordTab>\s+The <procName:gPatMesgBody> service entered the <_state:gPatStr> state<:gPatMesgBody>]]></regex>
     </collectAndSetAttrByRegex>
      <setEventAttribute attr="appName">$procName</setEventAttribute>		
     <choose>
       <when test='$_state = "running"'>
         <setEventAttribute attr="eventType">combineMsgId("Win", "-", $_OSModule, "-", $_id, "-", "Start")</setEventAttribute>
       </when>
       <otherwise>
         <setEventAttribute attr="eventType">combineMsgId("Win", "-", $_OSModule, "-", $_id, "-", "Stop")</setEventAttribute>
       </otherwise>
     </choose>
   </when>

   <!--The Windows Filtering Platform has allowed a connection  -->
   <when test='$_id = "5156"'>
     <collectFieldsByRegex src="$_body">
       <regex><![CDATA[.*Application Information:<_appl:gPatMesgBody>Network Information:<_net:gPatMesgBody>Filter Information:<_filter:gPatMesgBody>]]></regex>
     </collectFieldsByRegex>
     
     <collectAndSetAttrByKeyValuePair sep=' ' src="$_appl">          
       <attrKeyMap attr="appName" key="Application Name: "/>
     </collectAndSetAttrByKeyValuePair>
     
     <collectFieldsByRegex src="$_net">
       <regex><![CDATA[.*Direction:\s+<:gPatStr>\s+Source Address:\s+<srcIpAddr:gPatIpV4Dot>\s+Source Port:\s+<srcIpPort:gPatIpPort>\s+Destination Address:\s+<destIpAddr:gPatIpV4Dot>\s+Destination Port:\s+<destIpPort:gPatIpPort>\s+Protocol:\s+<ipProto:gPatInt>.*]]></regex>
     </collectFieldsByRegex>
     
     <setEventAttribute attr="eventSeverity">1</setEventAttribute>
   </when>

   <!--The Windows Filtering Platform has blocked a connection  -->
   <when test='$_id = "5157"'>
     <collectFieldsByRegex src="$_body">
       <regex><![CDATA[.*Application Information:<_appl:gPatMesgBody>Network Information:<_net:gPatMesgBody>Filter Information:<_filter:gPatMesgBody>]]></regex>
     </collectFieldsByRegex>
     
     <collectAndSetAttrByKeyValuePair sep=' ' src="$_appl">          
       <attrKeyMap attr="appName" key="Application Name: "/>
     </collectAndSetAttrByKeyValuePair>
     
     <collectFieldsByRegex src="$_net">
       <regex><![CDATA[.*Direction:\s+<:gPatStr>\s+Source Address:\s+<srcIpAddr:gPatIpV4Dot>\s+Source Port:\s+<srcIpPort:gPatIpPort>\s+Destination Address:\s+<destIpAddr:gPatIpV4Dot>\s+Destination Port:\s+<destIpPort:gPatIpPort>\s+Protocol:\s+<ipProto:gPatInt>.*]]></regex>
     </collectFieldsByRegex>
     
     <setEventAttribute attr="eventSeverity">5</setEventAttribute>
   </when>

   <!--The workstation was locked/unlocked-->
   <when test='$_id IN "4800,4801"'>
     <collectFieldsByRegex src="$_body">
       <regex><![CDATA[.*Subject:<_subj:gPatMesgBody>]]></regex>
     </collectFieldsByRegex>
     <collectAndSetAttrByKeyValuePair sep=' ' src="$_subj">
       <attrKeyMap attr="user" key="Account Name:  "/>
       <attrKeyMap attr="domain" key="Account Domain:  "/>
       <attrKeyMap attr="winLogonId" key="Logon ID:  "/>
     </collectAndSetAttrByKeyValuePair>
     <setEventAttribute attr="eventSeverity">1</setEventAttribute>
   </when>
	       
   <!--Process started or stopped  -->	       
   <when test='$_id IN "1001, 1003"'>
     <collectAndSetAttrByRegex src="$_body">
       <regex><![CDATA[<:patWordTab>\s+<:patWordTab>\s+The <procName:gPatMesgBody> has<:gPatMesgBody>]]></regex>
     </collectAndSetAttrByRegex>
     <setEventAttribute attr="hostIpAddr">$reptDevIpAddr</setEventAttribute>
   </when>

   <when test='$_id = "2020"'>
     <collectAndSetAttrByRegex src="$_body">
       <regex><![CDATA[<:patWordTab>\s+<:patWordTab>\s+<procName:gPatMesgBody> has terminated<:gPatMesgBody>]]></regex>
     </collectAndSetAttrByRegex>
     <setEventAttribute attr="hostIpAddr">$reptDevIpAddr</setEventAttribute>
   </when>

   <!-- MS-SQL successful login (non-trusted and trusted) -->
   <when test='$_id IN "18453,18454"'>

     <when test='$_applModule = "MSSQLSERVER"'>
       <collectAndSetAttrByRegex src="$_body">
	 <regex><![CDATA[.*Login\s+succeeded\s+for\s+user\s+'<user:patStrQuote>'\.\s+Connection:\s*<_connType:gPatStr>\.\s+\[CLIENT:\s*<_srcId:patStrRightSquareBracket>\]<:gPatMesgBody>]]></regex>
       </collectAndSetAttrByRegex>
     </when>

     <!-- set src ip or name -->
     <choose> 
       <when test="matches($_srcId, '\d{1,3}\.\d{1,3}\.\d{1,3}\.\d{1,3}')"> 
	 <setEventAttribute attr="srcIpAddr">$_srcId</setEventAttribute>
       </when>
       <when test='matches($_srcId, "local machine")'>
         <setEventAttribute attr="srcIpAddr">$reptDevIpAddr</setEventAttribute>
       </when>
     </choose>
   </when>
   
   <!-- MS-SQL failed login -->
   <when test='$_id = "18456"'>
     <when test='$_applModule = "MSSQLSERVER"'>
       <collectAndSetAttrByRegex src="$_body">
	 <regex><![CDATA[.*Login\s+failed\s+for\s+user\s+'<user:patStrQuote>'.\s+\[CLIENT:\s*<_srcId:patStrRightSquareBracket>\]<:gPatMesgBody>]]></regex>
       </collectAndSetAttrByRegex>

       <choose> 
	 <when test="matches($_srcId, '\d{1,3}\.\d{1,3}\.\d{1,3}\.\d{1,3}')"> 
	   <setEventAttribute attr="srcIpAddr">$_srcId</setEventAttribute>
	 </when>
         <when test='matches($_srcId, "local machine")'>
           <setEventAttribute attr="srcIpAddr">$reptDevIpAddr</setEventAttribute>
         </when>
       </choose>
     </when>
   </when>

   <!-- Starting up database 'mssql' -->
   <when test='$_id = "17137"'>
     <collectAndSetAttrByRegex src="$_body">
       <regex><![CDATA[.*Starting up database '<dbName:gPatStr>']]></regex>
     </collectAndSetAttrByRegex>
   </when>
   
   <!-- SQL Server (database) terminating because of a system shutdown -->
   <when test='$_id = "17138"'>
     <collectAndSetAttrByRegex src="$_body">
       <regex><![CDATA[.*SQL Server terminating because of a system shutdown.*]]></regex>
     </collectAndSetAttrByRegex>
   </when>
     
  </choose>

  <when test='exist procName'>     
    <setEventAttribute attr="swProcName">$procName</setEventAttribute>
    <when test='not exist appName'>     
      <setEventAttribute attr="appName">$procName</setEventAttribute>
    </when>
  </when>
  
 </parsingInstructions>

</eventParser>
