<eventParser name="WinOSParser">
   <deviceType>
     <Vendor>Microsoft</Vendor>
     <Model>Windows</Model>
     <Version>ANY</Version>
   </deviceType>
   
   <eventFormatRecognizer><![CDATA[MSWinEventLog]]></eventFormatRecognizer>
   
   <testEvents>
      <testEvent><![CDATA[<13>Jul 23 17:38:35 20.20.20.20 MSWinEventLog	1	Security	34035	Thu Jul 23 17:38:31 2009	644	Security	SYSTEM	User	Success Audit	ADS-PRI	Account Management		User Account Locked Out:     Target Account Name: connie.hsu     Target Account ID: %{S-1-5-21-3383442562-1768178646-255068551-1250}     Caller Machine Name: ADS-Pri     Caller User Name: ADS-PRI$     Caller Domain: PROSPECTHILLS     Caller Logon ID: (0x0,0x3E7)    	33720]]></testEvent>
  </testEvents>

   <!-- pattern definitions -->
   <patternDefinitions>
     <pattern name="patMonabbrDay"><![CDATA[(?:Jan|Feb|Mar|Apr|May|Jun|Jul|Aug|Sep|Oct|Nov|Dec)(?:\s*)\d{1,2}]]></pattern>
     <pattern name="patWordThree"><![CDATA[\w{3}]]></pattern> 
     <pattern name="patWordTab"><![CDATA[[^\t]+]]></pattern> 
     <pattern name="patOptLeftAngleBracket"><![CDATA[<]]></pattern> 
     <pattern name="patOptRightAngleBracket"><![CDATA[>]]></pattern> 
     <pattern name="patStrQuote"><![CDATA[[^']+]]></pattern>
     <pattern name="patStrRightSquareBracket"><![CDATA[[^\]]+]]></pattern>
     <pattern name="patStrRightAngleBracket"><![CDATA[[^>]+]]></pattern>
   </patternDefinitions>

   <parsingInstructions>
      
     <switch>
       <case>
	 <collectFieldsByRegex src="$_rawmsg">
	   <regex><![CDATA[<:gPatSyslogPRI><:gPatMon>\s+<:gPatDay> <:gPatTime> <:gPatStr> <_agentSig:gPatWord>\s+<_mesgType:gPatInt>\s+<_OSModule:patWordTab>\s+<_mesgId:gPatInt>\s+<_dayName:gPatWord>:? <_mon:gPatMon><:gPatSpace><_day:gPatDay> <_time:gPatTime> <_year:gPatYear>\s+<_id:gPatInt>\s+<_applModule:patWordTab>\s+<:patWordTab>\s+<:patWordTab>\s+<_action:patWordTab>\s+<_body:gPatMesgBody>]]></regex>
	 </collectFieldsByRegex>
	 
	 <setEventAttribute attr="eventType">combineMsgId("Win", "-", $_OSModule, "-", $_id)</setEventAttribute>
	 <setEventAttribute attr="deviceTime">toDateTime($_mon, $_day, $_year, $_time)</setEventAttribute>
	  <setEventAttribute attr="destIpAddr">$reptDevIpAddr</setEventAttribute> 
	 <choose>
	   <when test="matches($_action, '^Success')">
	     <setEventAttribute attr="eventAction">0</setEventAttribute>
	   </when>
	   <when test="matches($_action, '^Failure')">       
	     <setEventAttribute attr="eventAction">1</setEventAttribute>
	   </when>
	 </choose>
       </case>

       <case>
	 <collectFieldsByRegex src="$_rawmsg">
	   <regex><![CDATA[<:gPatMon>\s+<:gPatDay> <:gPatTime> <:gPatStr> <_agentSig:gPatWord>\s+<_mesgType:gPatInt>\s+<_OSModule:patWordTab>\s+<_mesgId:gPatInt>\s+<_dayName:gPatWord> <_mon:gPatMon><:gPatSpace><_day:gPatDay> <_time:gPatTime> <_year:gPatYear>\s+<_id:gPatInt>\s+<_applModule:patWordTab>\s+<:patWordTab>\s+<:patWordTab>\s+<:patWordTab>\s+<_body:gPatMesgBody>]]></regex>
	 </collectFieldsByRegex>
	 
	 <setEventAttribute attr="eventType">combineMsgId("Win", "-", $_OSModule, "-", $_id)</setEventAttribute>
	 <setEventAttribute attr="deviceTime">toDateTime($_mon, $_day, $_year, $_time)</setEventAttribute>
	 <setEventAttribute attr="destIpAddr">$reptDevIpAddr</setEventAttribute>
       </case>
     </switch>

     <!--when test="matches($_senderHostName, '\d{1,3}\.\d{1,3}\.\d{1,3}\.\d{1,3}')">
       <setEventAttribute attr="reptDevIpAddr">$_senderHostName</setEventAttribute>       
     </when-->

     <!-- default (overridden later) -->
     <setEventAttribute attr="eventSeverity">1</setEventAttribute>

     <choose>

       <!-- Logon related  -->

       <when test='$_id IN "528, 538"'>

         <collectAndSetAttrByKeyValuePair sep=' ' src="$_body">
           <attrKeyMap attr="user" key="User Name: "/>
           <attrKeyMap attr="domain" key="Domain: "/>
           <attrKeyMap attr="winLogonId" key="Logon ID: "/>
           <attrKeyMap attr="winLogonType" key="Logon Type: "/>
	   <attrKeyMap attr="srcIpAddr" key="Source Network Address: "/>
           <attrKeyMap attr="srcIpPort" key="Source Port: "/>
	 </collectAndSetAttrByKeyValuePair>
         <setEventAttribute attr="eventSeverity">1</setEventAttribute>

       </when>

       <when test='$_id = "540"'>
         <!-- 
                 <13>Jan 21 09:45:48 ADS-Pri.ProspectHills.net MSWinEventLog	1	Security	59874	Mon Jan 21 09:45:48 2008	540	Security	schen	User	Success Audit	ADS-PRI	Logon/Logoff		Successful Network Logon:     User Name: schen     Domain: PROSPECTHILLS     Logon ID: (0x0,0x14066CF)     Logon Type: 3     Logon Process: Kerberos     Authentication Package: Kerberos     Workstation Name:      Logon GUID: {fd3d2e01-3980-1c07-d916-c03ddb25378f}     Caller User Name: -     Caller Domain: -     Caller Logon ID: -     Caller Process ID: -     Transited Services: -     Source Network Address: 192.168.20.13     Source Port: 1159    	59676
                   -->
         <collectAndSetAttrByKeyValuePair sep=' ' src="$_body">
           <attrKeyMap attr="user" key="User Name: "/>
           <attrKeyMap attr="domain" key="Domain: "/>
           <attrKeyMap attr="winLogonId" key="Logon ID: "/>
           <attrKeyMap attr="winLogonType" key="Logon Type: "/>
	   <attrKeyMap attr="srcIpAddr" key="Source Network Address: "/>
           <attrKeyMap attr="srcIpPort" key="Source Port: "/>
           <attrKeyMap attr="_computer" key="Workstation Name: "/>
           <attrKeyMap attr="winLogonCallerUser" key="Caller User Name: "/>
         </collectAndSetAttrByKeyValuePair>
         <setEventAttribute attr="eventSeverity">1</setEventAttribute>
         <when test = 'exist _computer'>
	   <setEventAttribute attr="computer">replaceStrInStr($_computer, "\\", "")</setEventAttribute>
         </when>
       </when>

       <when test='$_id = "4624"'>

         <collectFieldsByRegex src="$_body">
	   <regex><![CDATA[.*Subject:<_subject:gPatMesgBody>New Logon:<_newLogon:gPatMesgBody>Process Information:<_processInfo:gPatMesgBody>Network Information:<_netInfo:gPatMesgBody>Detailed Authentication Information:<_detailedAuth:gPatMesgBody>]]></regex>
	 </collectFieldsByRegex>

	 <collectAndSetAttrByKeyValuePair sep=' ' src="$_subject">
           <attrKeyMap attr="winLogonType" key="Logon Type:   "/>
           <attrKeyMap attr="winLogonCallerUser" key="Account Name: "/>
         </collectAndSetAttrByKeyValuePair>

	 <collectAndSetAttrByKeyValuePair sep=' ' src="$_newLogon">
           <attrKeyMap attr="user" key="Account Name:  "/>
           <attrKeyMap attr="domain" key="Account Domain:  "/>
           <attrKeyMap attr="winLogonId" key="Logon ID:  "/>
         </collectAndSetAttrByKeyValuePair>
	 
	 <collectAndSetAttrByKeyValuePair sep=' ' src="$_processInfo">
           <attrKeyMap attr="procName" key="Process Name:  "/>
         </collectAndSetAttrByKeyValuePair>
	 
	 <collectAndSetAttrByKeyValuePair sep=' ' src="$_netInfo">
           <attrKeyMap attr="_computer" key="Workstation Name: "/>
	   <attrKeyMap attr="srcIpAddr" key="Source Network Address: "/>
           <attrKeyMap attr="srcIpPort" key="Source Port:  "/>
         </collectAndSetAttrByKeyValuePair>
         <setEventAttribute attr="eventSeverity">1</setEventAttribute>
	 <setEventAttribute attr="computer">replaceStrInStr($_computer, "\\", "")</setEventAttribute>
	    <when test="not_matches($srcIpAddr, '\d{1,3}\.\d{1,3}\.\d{1,3}\.\d{1,3}')">
          <setEventAttribute attr="srcIpAddr">$reptDevIpAddr</setEventAttribute>
        </when>
	 
       </when>

       <when test='$_id = "4625"'>

         <collectFieldsByRegex src="$_body">
	   <regex><![CDATA[.*Subject:<_subject:gPatMesgBody>Account For Which Logon Failed:<_failedLogon:gPatMesgBody>Failure Information:<_failInfo:gPatMesgBody>Process Information:<_processInfo:gPatMesgBody>Network Information:<_netInfo:gPatMesgBody>Detailed Authentication Information:<_detailedAuth:gPatMesgBody>]]></regex>
 
	 </collectFieldsByRegex>
	 
	 <collectAndSetAttrByKeyValuePair sep=' ' src="$_subject">          
           <attrKeyMap attr="winLogonType" key="Logon Type:   "/>
	   <attrKeyMap attr="winLogonId" key="Logon ID:  "/>
         </collectAndSetAttrByKeyValuePair>

	 <collectAndSetAttrByKeyValuePair sep=' ' src="$_failedLogon">
           <attrKeyMap attr="user" key="Account Name:  "/>
           <attrKeyMap attr="domain" key="Account Domain:  "/>
         </collectAndSetAttrByKeyValuePair>

	 <collectAndSetAttrByKeyValuePair sep=' ' src="$_failInfo">
           <attrKeyMap attr="winLogonFailCode" key="Failure Reason:  "/>
         </collectAndSetAttrByKeyValuePair>

	 <collectAndSetAttrByKeyValuePair sep=' ' src="$_processInfo">
           <attrKeyMap attr="procName" key="Caller Process Name: "/>
         </collectAndSetAttrByKeyValuePair>
	 
	 <collectAndSetAttrByKeyValuePair sep=' ' src="$_netInfo">
           <attrKeyMap attr="_computer" key="Workstation Name: "/>
	   <attrKeyMap attr="srcIpAddr" key="Source Network Address: "/>
           <attrKeyMap attr="srcIpPort" key="Source Port:  "/>
         </collectAndSetAttrByKeyValuePair>
         <setEventAttribute attr="eventSeverity">3</setEventAttribute>
	 <setEventAttribute attr="computer">replaceStrInStr($_computer, "\\", "")</setEventAttribute>

	 <collectAndSetAttrFromAnotherEvent AnotherEventType = "Win-Security-4624">
	   <when test = 'exist winLogonId'>
		 <when test = '$winLogonId = $AnotherEvent.winLogonId'>
		   <setEventAttribute attr="srcIpAddr">$AnotherEvent.srcIpAddr</setEventAttribute>
		 </when>
	   </when>
	 </collectAndSetAttrFromAnotherEvent>
	 
       </when>

       <when test='$_id IN "4634"'>

         <collectAndSetAttrByKeyValuePair sep=' ' src="$_body">
           <attrKeyMap attr="user" key="Account Name:  "/>
           <attrKeyMap attr="domain" key="Account Domain:  "/>
           <attrKeyMap attr="winLogonId" key="Logon ID:  "/>
           <attrKeyMap attr="winLogonType" key="Logon Type:   "/>
	 </collectAndSetAttrByKeyValuePair>
         <setEventAttribute attr="eventSeverity">1</setEventAttribute>

       </when>

       <when test='$_id = "539"'>

         <collectAndSetAttrByKeyValuePair sep=' ' src="$_body">
           <attrKeyMap attr="user" key="User Name: "/>
           <attrKeyMap attr="domain" key="Domain: "/>
           <attrKeyMap attr="winLogonId" key="Logon ID: "/>
           <attrKeyMap attr="winLogonType" key="Logon Type: "/>
	 </collectAndSetAttrByKeyValuePair>
         <setEventAttribute attr="eventSeverity">10</setEventAttribute>

       </when>
 
       <when test='$_id IN "529, 530, 531, 532, 533, 534, 535, 536, 537"'>

         <collectAndSetAttrByKeyValuePair sep=' ' src="$_body">
           <attrKeyMap attr="user" key="User Name: "/>
           <attrKeyMap attr="domain" key="Domain: "/>
           <attrKeyMap attr="winLogonId" key="Logon ID: "/>
           <attrKeyMap attr="winLogonType" key="Logon Type: "/>
	   <attrKeyMap attr="srcIpAddr" key="Source Network Address: "/>
	 </collectAndSetAttrByKeyValuePair>
         <setEventAttribute attr="eventSeverity">3</setEventAttribute>

       </when>

       <when test='$_id = "552"'>
         <collectAndSetAttrByKeyValuePair sep=' ' src="$_body">
           <attrKeyMap attr="user" key="User Name: "/>
           <attrKeyMap attr="domain" key="Domain: "/>
           <attrKeyMap attr="winLogonId" key="Logon ID: "/>
           <attrKeyMap attr="targetUser" key="Target User Name: "/>
	   <attrKeyMap attr="targetDomain" key="Target Domain: "/>
           <attrKeyMap attr="srcIpAddr" key="Source Network Address: "/>
           <attrKeyMap attr="srcIpPort" key="Source Port: "/>
         </collectAndSetAttrByKeyValuePair>	
         <setEventAttribute attr="eventSeverity">3</setEventAttribute>
       </when>
       
       <!-- A logon was attempted using explicit credentials -->
       <when test='$_id = "4648"'>
         <collectFieldsByRegex src="$_body">
	   <regex><![CDATA[.*Subject:<_subject:gPatMesgBody>Account Whose Credentials Were Used:<_target:gPatMesgBody>Target Server:<_server:gPatMesgBody>Process Information:<_processInfo:gPatMesgBody>Network Information:<_netInfo:gPatMesgBody>]]></regex>
	 </collectFieldsByRegex>

	 <collectAndSetAttrByKeyValuePair sep=' ' src="$_subject">          
           <attrKeyMap attr="winLogonId" key="Logon ID:  "/>
	   <attrKeyMap attr="user" key="Account Name:  "/>
           <attrKeyMap attr="domain" key="Account Domain:  "/>
         </collectAndSetAttrByKeyValuePair>

	 <collectAndSetAttrByKeyValuePair sep=' ' src="$_target">
           <attrKeyMap attr="targetUser" key="Account Name:  "/>
           <attrKeyMap attr="targetDomain" key="Account Domain:  "/>
         </collectAndSetAttrByKeyValuePair>
	 
	 <collectAndSetAttrByKeyValuePair sep=' ' src="$_processInfo">
           <attrKeyMap attr="procName" key="Process Name:  "/>
         </collectAndSetAttrByKeyValuePair>
	 
	 <collectAndSetAttrByKeyValuePair sep=' ' src="$_netInfo">
	   <attrKeyMap attr="srcIpAddr" key="Network Address: "/>
           <attrKeyMap attr="srcIpPort" key="Port:   "/>
         </collectAndSetAttrByKeyValuePair>
         <setEventAttribute attr="eventSeverity">3</setEventAttribute>
       </when>

       <when test='$_id = "560"'>
         <!-- various
              <13>Dec 12 10:09:00 ADS-Pri.ProspectHills.net MSWinEventLog	1	Security	1756	Wed Dec 12 10:08:53 2007	560	Security	SYSTEM	User	Success Audit	ADS-PRI	Object Open		Client User Name: partha   Client Domain: PROSPECTHILLS		Client Logon ID: (0x0,0x158E87)  Object Type: File  Handle ID: 144 	Image File Name: C:\WINDOWS\system32\notepad.exe Object Name: C:\ConfidentialFiles\ProjectPlan.doc.txt  Accesses: WriteData (or AddFile) AppendData (or AddSubdirectory or CreatePipeInstance)
                -->
         
         <collectAndSetAttrByKeyValuePair sep=' ' src="$_body">
           <attrKeyMap attr="_user" key="Client User Name: "/>
         </collectAndSetAttrByKeyValuePair>
         <setEventAttribute attr="eventSeverity">2</setEventAttribute>
	 <choose>
           <when test='$_user != "-"'>
             <collectAndSetAttrByKeyValuePair sep=' ' src="$_body">
               <attrKeyMap attr="user" key="Client User Name: "/>
               <attrKeyMap attr="domain" key="Client Domain: "/>
               <attrKeyMap attr="winLogonId" key="Client Logon ID: "/>
               <attrKeyMap attr="procName" key="Image File Name: "/>
 	         <attrKeyMap attr="osObjType" key="Object Type: "/>
 	         <attrKeyMap attr="osObjName" key="Object Name: "/>
               <attrKeyMap attr="osObjHandleID" key="Handle ID: "/>
	         <attrKeyMap attr="osObjAccessType" key="Accesses: "/>
             </collectAndSetAttrByKeyValuePair>	
           </when>
           <otherwise>
             <collectAndSetAttrByKeyValuePair sep=' ' src="$_body">
               <attrKeyMap attr="user" key="Primary User Name: "/>
               <attrKeyMap attr="domain" key="Primary Domain: "/>
               <attrKeyMap attr="winLogonId" key="Primary Logon ID: "/>
               <attrKeyMap attr="procName" key="Image File Name: "/>
	       <attrKeyMap attr="osObjType" key="Object Type: "/>
 	       <attrKeyMap attr="osObjName" key=" Object Name: "/>
               <attrKeyMap attr="osObjHandleID" key="Handle ID: "/>
               <attrKeyMap attr="osObjAccessType" key="Accesses: "/>
             </collectAndSetAttrByKeyValuePair>	
           </otherwise>
         </choose>
         
         <collectAndSetAttrFromAnotherEvent AnotherEventType = "Win-Security-540 OR Win-Security-528">
           <when test = '$winLogonId = $AnotherEvent.winLogonId'>
             <setEventAttribute attr="srcIpAddr">$AnotherEvent.srcIpAddr</setEventAttribute>
           </when>
         </collectAndSetAttrFromAnotherEvent>	
         
         <choose>
             <when test="matches($_action, '^Success')">
	          <setEventAttribute attr="eventSeverity">1</setEventAttribute>
              </when>

              <when test="matches($_action, '^Failure)">       
	          <setEventAttribute attr="eventSeverity">3</setEventAttribute>
              </when>
         </choose>

       </when>
       
       <when test='$_id = "567"'>
         <!-- various
              <13>Dec 12 10:09:00 ADS-Pri.ProspectHills.net MSWinEventLog	1	Security	1756	Wed Dec 12 10:08:53 2007	567	Security	SYSTEM	User	Success Audit	ADS-PRI	Object Access Attempt	 Object Type: File  Handle ID: 144 	Image File Name: C:\WINDOWS\system32\notepad.exe Accesses: WriteData (or AddFile) AppendData (or AddSubdirectory or CreatePipeInstance)
                -->
         
         <collectAndSetAttrByKeyValuePair sep=' ' src="$_body">
           <attrKeyMap attr="procName" key="Image File Name: "/>
 	     <attrKeyMap attr="osObjType" key="Object Type: "/>
           <attrKeyMap attr="osObjHandleID" key="Handle ID: "/>
           <attrKeyMap attr="osObjAccessType" key="Accesses: "/>
         </collectAndSetAttrByKeyValuePair>

         <collectAndSetAttrFromAnotherEvent AnotherEventType="Win-Security-560">
           <when test = '$osObjHandleID = $AnotherEvent.osObjHandleID'>
             <setEventAttribute attr="srcIpAddr">$AnotherEvent.srcIpAddr</setEventAttribute>
	       <setEventAttribute attr="user">$AnotherEvent.user</setEventAttribute>
             <setEventAttribute attr="domain">$AnotherEvent.domain</setEventAttribute>
             <setEventAttribute attr="winLogonId">$AnotherEvent.winLogonId</setEventAttribute>
	     <setEventAttribute attr="osObjName">$AnotherEvent.osObjName</setEventAttribute>
           </when>
         </collectAndSetAttrFromAnotherEvent>

         <choose>
             <when test="matches($_action, '^Success')">
	          <setEventAttribute attr="eventSeverity">1</setEventAttribute>
              </when>

              <when test="matches($_action, '^Failure)">       
	          <setEventAttribute attr="eventSeverity">3</setEventAttribute>
              </when>
         </choose>
		
       </when>
       
       <!-- Special privileges assigned to new logon -->
       <when test='$_id = "576"'>
	 <collectAndSetAttrByKeyValuePair sep=' ' src="$_body">                                         
           <attrKeyMap attr="winLogonId" key="Logon ID: "/>
	   <attrKeyMap attr="user" key="User Name: "/>
           <attrKeyMap attr="domain" key="Domain: "/>
         </collectAndSetAttrByKeyValuePair>
	 <setEventAttribute attr="eventSeverity">1</setEventAttribute>
	 <collectAndSetAttrFromAnotherEvent AnotherEventType = "Win-Security-540 OR Win-Security-528">
           <when test = '$winLogonId = $AnotherEvent.winLogonId'>
             <setEventAttribute attr="srcIpAddr">$AnotherEvent.srcIpAddr</setEventAttribute>
           </when>
         </collectAndSetAttrFromAnotherEvent>
         
       </when>

       <!-- Special privileges assigned to new logon -->
       <when test='$_id = "4672"'>
         <collectFieldsByRegex src="$_body">
	   <regex><![CDATA[.*Subject:<_subject:gPatMesgBody>Privileges:<_priv:gPatMesgBody>]]></regex>
	 </collectFieldsByRegex>

	 <collectAndSetAttrByKeyValuePair sep=' ' src="$_subject">                                            
           <attrKeyMap attr="winLogonId" key="Logon ID:  "/>
	   <attrKeyMap attr="user" key="Account Name:  "/>
           <attrKeyMap attr="domain" key="Account Domain:  "/>
         </collectAndSetAttrByKeyValuePair>

	 <collectAndSetAttrFromAnotherEvent AnotherEventType = "Win-Security-4624">
           <when test = '$winLogonId = $AnotherEvent.winLogonId'>
             <setEventAttribute attr="srcIpAddr">$AnotherEvent.srcIpAddr</setEventAttribute>
           </when>
         </collectAndSetAttrFromAnotherEvent>
         <setEventAttribute attr="eventSeverity">1</setEventAttribute>
       </when>

       <when test='$_id = "578"'>
         <!--  PRIVILEDGED OBJECT OPERATION
               <13>Mar 10 15:40:44 ADS-Pri.ProspectHills.net MSWinEventLog     1       Security        1250    Mon Mar 10 15:40:24 2008        578     Security        Administrator  User    Failure Audit   ADS-PRI Privilege Use           Privileged object operation:     Object Server: Security     Object Handle: 0     Process ID: 2080     Primary User Name: Administrator     Primary Domain: PROSPECTHILLS     Primary Logon ID: (0x0,0x3F98A7)     Client User Name: -     Client Domain: -     Client Logon ID: -     Privileges: SeTcbPrivilege         1237
          -->

         <collectAndSetAttrByKeyValuePair sep=' ' src="$_body">
           <attrKeyMap attr="_user" key="Client User Name: "/>
         </collectAndSetAttrByKeyValuePair>
         <setEventAttribute attr="eventSeverity">1</setEventAttribute>
	   <choose>
           <when test='$_user != "-"'>
             <collectAndSetAttrByKeyValuePair sep=' ' src="$_body">
               <attrKeyMap attr="user" key="Client User Name: "/>
               <attrKeyMap attr="domain" key="Client Domain: "/>
               <attrKeyMap attr="winLogonId" key="Client Logon ID: "/>
             </collectAndSetAttrByKeyValuePair>	
           </when>
           <otherwise>
             <collectAndSetAttrByKeyValuePair sep=' ' src="$_body">
               <attrKeyMap attr="user" key="Primary User Name: "/>
               <attrKeyMap attr="domain" key="Primary Domain: "/>
               <attrKeyMap attr="winLogonId" key="Primary Logon ID: "/>
             </collectAndSetAttrByKeyValuePair>	
           </otherwise>
         </choose>

         <collectAndSetAttrFromAnotherEvent AnotherEventType = "Win-Security-540 OR Win-Security-528 ">
           <when test = '$winLogonId = $AnotherEvent.winLogonId'>
             <setEventAttribute attr="srcIpAddr">$AnotherEvent.srcIpAddr</setEventAttribute>
           </when>
         </collectAndSetAttrFromAnotherEvent>	

         <choose>
            <when test="matches($_action, '^Success')">
	         <setEventAttribute attr="eventSeverity">1</setEventAttribute>
             </when>
             <when test="matches($_action, '^Failure)">       
	         <setEventAttribute attr="eventSeverity">3</setEventAttribute>
             </when>
         </choose>
       </when>
       

       <when test='$_id IN "592, 593"'>
         <!--  A new process has been created
               <13>Mar 10 17:06:43 ADS-Pri.ProspectHills.net MSWinEventLog	1	Security	8485	Mon Mar 10 17:06:36 2008	592	Security	SYSTEM	User	Success Audit	ADS-PRI	Detailed Tracking		A new process has been created:     New Process ID: 5788     Image File Name: C:\Program Files\Splunk\bin\splunk-optimize.exe     Creator Process ID: 4416     User Name: ADS-PRI$     Domain: PROSPECTHILLS     Logon ID: (0x0,0x3E7)    	8470
                 <13>Mar 10 16:56:13 ADS-Pri.ProspectHills.net MSWinEventLog	1	Security	7827	Mon Mar 10 16:56:05 2008	593	Security	SYSTEM	User	Success Audit	ADS-PRI	Detailed Tracking		A process has exited:     Process ID: 5160     Image File Name: C:\Program Files\Splunk\bin\splunk-optimize.exe     User Name: ADS-PRI$     Domain: PROSPECTHILLS     Logon ID: (0x0,0x3E7)    	7813
                   -->
         <collectAndSetAttrByKeyValuePair sep=' ' src="$_body">
           <attrKeyMap attr="user" key="User Name: "/>
           <attrKeyMap attr="domain" key="Domain: "/>
           <attrKeyMap attr="fileName" key="Image File Name: "/>
           <attrKeyMap attr="winLogonId" key="Logon ID: "/>
           <attrKeyMap attr="procName" key="Image File Name: "/>
         </collectAndSetAttrByKeyValuePair>

         <collectAndSetAttrFromAnotherEvent AnotherEventType = "Win-Security-540 OR Win-Security-528">
           <when test = '$winLogonId = $AnotherEvent.winLogonId'>
             <setEventAttribute attr="srcIpAddr">$AnotherEvent.srcIpAddr</setEventAttribute>
           </when>
         </collectAndSetAttrFromAnotherEvent>	

         <choose>
            <when test="matches($_action, '^Success')">
	         <setEventAttribute attr="eventSeverity">1</setEventAttribute>
             </when>
             <when test="matches($_action, '^Failure)">       
	         <setEventAttribute attr="eventSeverity">3</setEventAttribute>
             </when>
         </choose>

       </when>

       <!-- domain auth success/failure -->
       <when test='$_id = "672"'>
         <collectAndSetAttrByKeyValuePair sep=' ' src="$_body">
           <attrKeyMap attr="winKerbFailCode" key="Result Code: "/>
         </collectAndSetAttrByKeyValuePair>
         
         <choose>
           <when test='$winKerbFailCode IN "-,0x0"'>
             <setEventAttribute attr="eventType">combineMsgId("Win", "-", $_OSModule, "-", $_id, "-", "success")</setEventAttribute>
             <setEventAttribute attr="eventSeverity">1</setEventAttribute>
           </when>
           <otherwise>
             <setEventAttribute attr="eventType">combineMsgId("Win", "-", $_OSModule, "-", $_id, "-", "failure")</setEventAttribute>
             <setEventAttribute attr="eventSeverity">3</setEventAttribute>
           </otherwise>
         </choose>
         
         <collectAndSetAttrByKeyValuePair sep=' ' src="$_body">
           <attrKeyMap attr="user" key="User Name: "/>
           <attrKeyMap attr="domain" key="Supplied Realm Name: "/>
           <attrKeyMap attr="winSrvcName" key="Service Name: "/>
           <attrKeyMap attr="srcIpAddr" key="Client Address: "/>
	   <attrKeyMap attr="srcIpAddr" key="Source Network Address: "/>
         </collectAndSetAttrByKeyValuePair>
       </when>
       
       <!-- domain auth success/failure -->
       <when test='$_id = "4768"'>
         <collectFieldsByRegex src="$_body">
	   <regex><![CDATA[.*Account Information:<_account:gPatMesgBody>Service Information:<_service:gPatMesgBody>Network Information:<_network:gPatMesgBody>Additional Information:<_addl:gPatMesgBody>Certificate Information:<_cert:gPatMesgBody>]]></regex>
	 </collectFieldsByRegex>

	 <collectAndSetAttrByKeyValuePair sep=' ' src="$_account">
           <attrKeyMap attr="user" key="Account Name:  "/>
           <attrKeyMap attr="domain" key="Supplied Realm Name: "/>
         </collectAndSetAttrByKeyValuePair>

	 <collectAndSetAttrByKeyValuePair sep=' ' src="$_service">
         </collectAndSetAttrByKeyValuePair>
	 
	 <collectAndSetAttrByKeyValuePair sep=' ' src="$_addl">
           <attrKeyMap attr="_result" key="Result Code:  "/>
         </collectAndSetAttrByKeyValuePair>
	 
	 <collectAndSetAttrByKeyValuePair sep=' ' src="$_network">
	   <attrKeyMap attr="srcIpAddr" key="Client Address:  "/>
           <attrKeyMap attr="srcIpPort" key="Client Port:  "/>
         </collectAndSetAttrByKeyValuePair>

         <choose> 
           <when test='$result IN "-,0x0"'>
             <setEventAttribute attr="eventType">combineMsgId("Win", "-", $_OSModule, "-", $_id, "-", "success")</setEventAttribute>
             <setEventAttribute attr="eventSeverity">1</setEventAttribute>
           </when>
           <otherwise>
             <setEventAttribute attr="eventType">combineMsgId("Win", "-", $_OSModule, "-", $_id, "-", "failure")</setEventAttribute>
             <setEventAttribute attr="eventSeverity">3</setEventAttribute>
           </otherwise>
         </choose>
       </when>

       <!-- ticket grant success/failure -->
       <when test='$_id = "4769"'>
         <collectFieldsByRegex src="$_body">
	   <regex><![CDATA[.*Account Information:<_account:gPatMesgBody>Service Information:<_service:gPatMesgBody>Network Information:<_network:gPatMesgBody>Additional Information:<_addl:gPatMesgBody>]]></regex>
	 </collectFieldsByRegex>

	 <collectAndSetAttrByKeyValuePair sep=' ' src="$_account">
           <attrKeyMap attr="user" key="Account Name:  "/>
           <attrKeyMap attr="domain" key="Account Domain:  "/>
         </collectAndSetAttrByKeyValuePair>

	 <collectAndSetAttrByKeyValuePair sep=' ' src="$_service">
           <attrKeyMap attr="winSrvcName" key="Service Name:  "/>
         </collectAndSetAttrByKeyValuePair>
	 
	 <collectAndSetAttrByKeyValuePair sep=' ' src="$_addl">
           <attrKeyMap attr="_result" key="Failure Code:  "/>
         </collectAndSetAttrByKeyValuePair>
	 
	 <collectAndSetAttrByKeyValuePair sep=' ' src="$_network">
	   <attrKeyMap attr="srcIpAddr" key="Client Address:  "/>
           <attrKeyMap attr="srcIpPort" key="Client Port:  "/>
         </collectAndSetAttrByKeyValuePair>
         <choose> 
           <when test='$result IN "-, 0x0"'>
             <setEventAttribute attr="eventType">combineMsgId("Win", "-", $_OSModule, "-", $_id, "-", "success")</setEventAttribute>
             <setEventAttribute attr="eventSeverity">1</setEventAttribute>
           </when>
           <otherwise>
             <setEventAttribute attr="eventType">combineMsgId("Win", "-", $_OSModule, "-", $_id, "-", "failure")</setEventAttribute>
             <setEventAttribute attr="eventSeverity">3</setEventAttribute>
           </otherwise>
         </choose>
       </when>

       <when test='$_id = "4771"'>
         <collectFieldsByRegex src="$_body">
	   <regex><![CDATA[.*Account Information:<_account:gPatMesgBody>Service Information:<_service:gPatMesgBody>Network Information:<_network:gPatMesgBody>Additional Information:<_addl:gPatMesgBody>Certificate Information:<_cert:gPatMesgBody>]]></regex>
	 </collectFieldsByRegex>

	 <collectAndSetAttrByKeyValuePair sep=' ' src="$_account">
           <attrKeyMap attr="user" key="Account Name:  "/>
         </collectAndSetAttrByKeyValuePair>

	 <collectAndSetAttrByKeyValuePair sep=' ' src="$_service">
           <attrKeyMap attr="winSrvcName" key="Service Name:  "/>
         </collectAndSetAttrByKeyValuePair>
	 
	 <collectAndSetAttrByKeyValuePair sep=' ' src="$_addl">
           <attrKeyMap attr="winKerbFailCode" key="Failure Code:  "/>
         </collectAndSetAttrByKeyValuePair>
	 
	 <collectAndSetAttrByKeyValuePair sep=' ' src="$_network">
	   <attrKeyMap attr="srcIpAddr" key="Client Address:  "/>
           <attrKeyMap attr="srcIpPort" key="Client Port:  "/>
         </collectAndSetAttrByKeyValuePair>
         <setEventAttribute attr="eventSeverity">3</setEventAttribute>
       </when>

       <when test='$_id = "675"'>
         <!-- FAILED DOMAIN AUTH VIA KERBEROS
              <13>Nov 29 00:01:12 ADS-Pri.ProspectHills.net MSWinEventLog	1	Security	16714	Thu Nov 29 00:01:04 2007	675	Security	SYSTEM	User	Failure Audit	ADS-PRI	Pre-authentication failed:  User Name: partha     User ID: PROSPECTHILLS\Partha Service Name: krbtgt/Prospecthills Pre-Authentication Type: 0x02 Failure Code: 24 Client Address: 192.168.20.33     
                -->
         
         <collectAndSetAttrByKeyValuePair sep=' ' src="$_body">
           <attrKeyMap attr="_user" key="User Name: "/>
           <attrKeyMap attr="_combUsrId" key="User ID: "/>
           <attrKeyMap attr="srcIpAddr" key="Client Address: "/>
	   <attrKeyMap attr="srcIpAddr" key="Source Network Address: "/>
           <attrKeyMap attr="_winKerbFailCode" key="Failure Code: "/>
         </collectAndSetAttrByKeyValuePair>
         
         <setEventAttribute attr="user">$_user</setEventAttribute>
         <setEventAttribute attr="eventSeverity">3</setEventAttribute>

         <when test='matches($_combUsrId, "\\")'>
           <collectFieldsByRegex src="$_combUsrId">
             <regex><![CDATA[<_domain:gPatStr>\\<:gPatMesgBody>]]></regex>
           </collectFieldsByRegex>
           <setEventAttribute attr="domain">$_domain</setEventAttribute>
         </when>	 
       </when>

       <when test='$_id = "676"'>
         <collectAndSetAttrByKeyValuePair sep=' ' src="$_body">
           <attrKeyMap attr="user" key="User Name: "/>
           <attrKeyMap attr="domain" key="Supplied Realm Name: "/>
           <attrKeyMap attr="srcIpAddr" key="Client Address: "/>
	   <attrKeyMap attr="srcIpAddr" key="Source Network Address: "/>
           <attrKeyMap attr="winSrvcName" key="Service Name: "/>
         </collectAndSetAttrByKeyValuePair>
         <setEventAttribute attr="eventSeverity">3</setEventAttribute>	
       </when>
       
       <when test='$_id = "673"'>
         <collectAndSetAttrByKeyValuePair sep=' ' src="$_body">
           <attrKeyMap attr="user" key="User Name: "/>
           <attrKeyMap attr="domain" key="User Domain: "/>
           <attrKeyMap attr="srcIpAddr" key="Client Address: "/>
	   <attrKeyMap attr="srcIpAddr" key="Source Network Address: "/>
           <attrKeyMap attr="winSrvcName" key="Service Name: "/>
         </collectAndSetAttrByKeyValuePair>

         <choose>
           <when test="matches($_action, '^Success')">
             <setEventAttribute attr="eventType">combineMsgId("Win", "-", $_OSModule, "-", $_id, "-", "success")</setEventAttribute>
             <setEventAttribute attr="eventSeverity">2</setEventAttribute>
           </when>
           <when test="matches($_action, '^Failure)">       
             <setEventAttribute attr="eventType">combineMsgId("Win", "-", $_OSModule, "-", $_id, "-", "failure")</setEventAttribute>
             <setEventAttribute attr="eventSeverity">5</setEventAttribute>
           </when>
         </choose>		
       </when>

       <when test='$_id IN "682, 683"'>
         <collectAndSetAttrByKeyValuePair sep=' ' src="$_body">
           <attrKeyMap attr="user" key="User Name: "/>
           <attrKeyMap attr="domain" key="Domain: "/>
           <attrKeyMap attr="winLogonId" key="Logon ID: "/>
           <attrKeyMap attr="computer" key="Client Name: "/>
	   <attrKeyMap attr="srcIpAddr" key="Client Address: "/>
	   <attrKeyMap attr="srcIpAddr" key="Source Network Address: "/>
         </collectAndSetAttrByKeyValuePair>
         <setEventAttribute attr="eventSeverity">1</setEventAttribute>		
       </when>

       <when test='$_id IN "624, 645"'>
         <!-- USER / COMPUTER ACCOUNT CREATED
              <13>Dec 12 10:09:00 ADS-Pri.ProspectHills.net MSWinEventLog	1	Security	1756	Wed Dec 12 10:08:53 2007	624	Security	SYSTEM	User	Success Audit	ADS-PRI	User Account Created		Caller User Name: Administrator	Caller Domain: PROSPECTHILLS		Caller Logon ID: (0x0,0x158E87) 	New Account Name: johnDoe 	New Domain: PROSPECTHILLS	New Account ID: PROSPECTHILLS\johnDoe
                -->

         <collectAndSetAttrByKeyValuePair sep=' ' src="$_body">
           <attrKeyMap attr="user" key="Caller User Name: "/>
           <attrKeyMap attr="domain" key="Caller Domain: "/>
           <attrKeyMap attr="winLogonId" key="Caller Logon ID: "/>
           <attrKeyMap attr="targetUser" key="New Account Name: "/>
	   <attrKeyMap attr="targetDomain" key="New Domain: "/>
         </collectAndSetAttrByKeyValuePair>
     
         <collectAndSetAttrFromAnotherEvent AnotherEventType = "Win-Security-540 OR Win-Security-528">
           <when test = '$winLogonId = $AnotherEvent.winLogonId'>
             <setEventAttribute attr="srcIpAddr">$AnotherEvent.srcIpAddr</setEventAttribute>
           </when>
         </collectAndSetAttrFromAnotherEvent>

         <choose>
             <when test="matches($_action, '^Success')">
	          <setEventAttribute attr="eventSeverity">4</setEventAttribute>
              </when>

              <when test="matches($_action, '^Failure)">       
	          <setEventAttribute attr="eventSeverity">7</setEventAttribute>
              </when>
         </choose>
       </when>
       
       <!-- new computer account created -->
       <when test='$_id = "4741"'>
         <collectFieldsByRegex src="$_body">
	   <regex><![CDATA[.*Subject:<_subject:gPatMesgBody>New Computer Account:<_acct:gPatMesgBody>Attributes:<_attrib:gPatMesgBody>Additional Information:<_addl:gPatMesgBody>]]></regex>
	 </collectFieldsByRegex>
	 
	 <collectAndSetAttrByKeyValuePair sep=' ' src="$_subject">
           <attrKeyMap attr="user" key="Account Name:  "/>
           <attrKeyMap attr="domain" key="Account Domain:  "/>
	   <attrKeyMap attr="winLogonId" key="Logon ID:  "/>
         </collectAndSetAttrByKeyValuePair>
	 <collectAndSetAttrByKeyValuePair sep=' ' src="$_acct">
	   <attrKeyMap attr="targetUser" key="Account Name:  "/>
           <attrKeyMap attr="targetDomain" key="Account Domain:  "/>
         </collectAndSetAttrByKeyValuePair>
	 
         <collectAndSetAttrFromAnotherEvent AnotherEventType = "Win-Security-4624">
           <when test = '$winLogonId = $AnotherEvent.winLogonId'>
             <setEventAttribute attr="srcIpAddr">$AnotherEvent.srcIpAddr</setEventAttribute>
           </when>
         </collectAndSetAttrFromAnotherEvent>
	 
         <choose>
           <when test="matches($_action, '^Success')">
	     <setEventAttribute attr="eventSeverity">4</setEventAttribute>
           </when>
	   
           <when test="matches($_action, '^Failure)">       
	     <setEventAttribute attr="eventSeverity">7</setEventAttribute>
           </when>
         </choose>
       </when>

     <!-- computer account changed -->
     <when test='$_id = "4742"'>
       <collectFieldsByRegex src="$_body">
	 <regex><![CDATA[.*Subject:<_subject:gPatMesgBody>Computer Account That Was Changed:<_acct:gPatMesgBody>Attributes:<_attrib:gPatMesgBody>Additional Information:<_addl:gPatMesgBody>]]></regex>
       </collectFieldsByRegex>
       
       <collectAndSetAttrByKeyValuePair sep=' ' src="$_subject">
         <attrKeyMap attr="user" key="Account Name:  "/>
         <attrKeyMap attr="domain" key="Account Domain:  "/>
	 <attrKeyMap attr="winLogonId" key="Logon ID:  "/>
       </collectAndSetAttrByKeyValuePair>
       <collectAndSetAttrByKeyValuePair sep=' ' src="$_acct">
	 <attrKeyMap attr="targetUser" key="Account Name:  "/>
         <attrKeyMap attr="targetDomain" key="Account Domain:  "/>
       </collectAndSetAttrByKeyValuePair>

       <collectAndSetAttrFromAnotherEvent AnotherEventType = "Win-Security-4624">
         <when test = '$winLogonId = $AnotherEvent.winLogonId'>
           <setEventAttribute attr="srcIpAddr">$AnotherEvent.srcIpAddr</setEventAttribute>
         </when>
       </collectAndSetAttrFromAnotherEvent>
       
       <choose>
         <when test="matches($_action, '^Success')">
	   <setEventAttribute attr="eventSeverity">4</setEventAttribute>
         </when>
	 
         <when test="matches($_action, '^Failure)">       
	   <setEventAttribute attr="eventSeverity">7</setEventAttribute>
         </when>
       </choose>
     </when>
     
     <!-- computer account deleted -->
     <when test='$_id = "4743"'>
       <collectFieldsByRegex src="$_body">
	 <regex><![CDATA[.*Subject:<_subject:gPatMesgBody>Target Computer:<_acct:gPatMesgBody>Additional Information:<_addl:gPatMesgBody>]]></regex>
       </collectFieldsByRegex>
       
       <collectAndSetAttrByKeyValuePair sep=' ' src="$_subject">
         <attrKeyMap attr="user" key="Account Name:  "/>
         <attrKeyMap attr="domain" key="Account Domain:  "/>
	 <attrKeyMap attr="winLogonId" key="Logon ID:  "/>
       </collectAndSetAttrByKeyValuePair>
       
       <collectAndSetAttrByKeyValuePair sep=' ' src="$_acct">
	 <attrKeyMap attr="targetUser" key="Account Name:  "/>
         <attrKeyMap attr="targetDomain" key="Account Domain:  "/>
       </collectAndSetAttrByKeyValuePair>

       <collectAndSetAttrFromAnotherEvent AnotherEventType = "Win-Security-4624">
         <when test = '$winLogonId = $AnotherEvent.winLogonId'>
           <setEventAttribute attr="srcIpAddr">$AnotherEvent.srcIpAddr</setEventAttribute>
         </when>
       </collectAndSetAttrFromAnotherEvent>
       
       <choose>
         <when test="matches($_action, '^Success')">
	   <setEventAttribute attr="eventSeverity">4</setEventAttribute>
         </when>
	 
         <when test="matches($_action, '^Failure)">       
	   <setEventAttribute attr="eventSeverity">7</setEventAttribute>
         </when>
       </choose>
     </when> 
     
     <!-- user account created -->
     <when test='$_id = "4720"'>
       <collectFieldsByRegex src="$_body">
	 <regex><![CDATA[.*Subject:<_subject:gPatMesgBody>New Account:<_acct:gPatMesgBody>Attributes:<_attrib:gPatMesgBody>Additional Information:<_addl:gPatMesgBody>]]></regex>
       </collectFieldsByRegex>
       
       <collectAndSetAttrByKeyValuePair sep=' ' src="$_subject">
         <attrKeyMap attr="user" key="Account Name:  "/>
         <attrKeyMap attr="domain" key="Account Domain:  "/>
	 <attrKeyMap attr="winLogonId" key="Logon ID:  "/>
       </collectAndSetAttrByKeyValuePair>
       
       <collectAndSetAttrByKeyValuePair sep=' ' src="$_acct">
	 <attrKeyMap attr="targetUser" key="Account Name:  "/>
         <attrKeyMap attr="targetDomain" key="Account Domain:  "/>
       </collectAndSetAttrByKeyValuePair>
       
       <collectFieldsByRegex src="$_attrib">
	 <regex><![CDATA[.*User Account Control:<_acctCtl:gPatMesgBody>User Parameters:<:gPatMesgBody>]]></regex>
       </collectFieldsByRegex>
       
       <collectAndSetAttrFromAnotherEvent AnotherEventType = "Win-Security-4624">
         <when test = '$winLogonId = $AnotherEvent.winLogonId'>
           <setEventAttribute attr="srcIpAddr">$AnotherEvent.srcIpAddr</setEventAttribute>
         </when>
       </collectAndSetAttrFromAnotherEvent>
       
       <choose>
         <when test="matches($_action, '^Success')">
	   <setEventAttribute attr="eventSeverity">4</setEventAttribute>
         </when>
	 
         <when test="matches($_action, '^Failure)">       
	   <setEventAttribute attr="eventSeverity">7</setEventAttribute>
         </when>
       </choose>
     </when>
     
     <!-- user account deleted -->
     <when test='$_id = "4726"'>
       <collectFieldsByRegex src="$_body">
	 <regex><![CDATA[.*Subject:<_subject:gPatMesgBody>Target Account:<_acct:gPatMesgBody>Additional Information:<_addl:gPatMesgBody>]]></regex>
       </collectFieldsByRegex>
       
       <collectAndSetAttrByKeyValuePair sep=' ' src="$_subject">
         <attrKeyMap attr="user" key="Account Name:  "/>
         <attrKeyMap attr="domain" key="Account Domain:  "/>
	 <attrKeyMap attr="winLogonId" key="Logon ID:  "/>
       </collectAndSetAttrByKeyValuePair>
       
       <collectAndSetAttrByKeyValuePair sep=' ' src="$_acct">
	 <attrKeyMap attr="targetUser" key="Account Name:  "/>
         <attrKeyMap attr="targetDomain" key="Account Domain:  "/>
       </collectAndSetAttrByKeyValuePair>
       
       <collectAndSetAttrFromAnotherEvent AnotherEventType = "Win-Security-4624">
         <when test = '$winLogonId = $AnotherEvent.winLogonId'>
           <setEventAttribute attr="srcIpAddr">$AnotherEvent.srcIpAddr</setEventAttribute>
         </when>
       </collectAndSetAttrFromAnotherEvent>
       <setEventAttribute attr="eventSeverity">4</setEventAttribute>
     </when>

     <!-- basic application group created -->
     <when test='$_id = "4783"'>
       <collectFieldsByRegex src="$_body">
	 <regex><![CDATA[.*Subject:<_subject:gPatMesgBody>Group:<_acct:gPatMesgBody>Attributes:<_attrib:gPatMesgBody>Additional Information:<_addl:gPatMesgBody>]]></regex>
       </collectFieldsByRegex>
       
       <collectAndSetAttrByKeyValuePair sep=' ' src="$_subject">
         <attrKeyMap attr="user" key="Account Name:  "/>
         <attrKeyMap attr="domain" key="Account Domain:  "/>
	 <attrKeyMap attr="winLogonId" key="Logon ID:  "/>
       </collectAndSetAttrByKeyValuePair>
       
       <collectAndSetAttrByKeyValuePair sep=' ' src="$_acct">
	 <attrKeyMap attr="targetUser" key="Account Name:  "/>
         <attrKeyMap attr="targetDomain" key="Account Domain:  "/>
       </collectAndSetAttrByKeyValuePair>
       
       <collectAndSetAttrFromAnotherEvent AnotherEventType = "Win-Security-4624">
         <when test = '$winLogonId = $AnotherEvent.winLogonId'>
           <setEventAttribute attr="srcIpAddr">$AnotherEvent.srcIpAddr</setEventAttribute>
         </when>
       </collectAndSetAttrFromAnotherEvent>
       
       <choose>
         <when test="matches($_action, '^Success')">
	   <setEventAttribute attr="eventSeverity">4</setEventAttribute>
         </when>
	 
         <when test="matches($_action, '^Failure)">       
	   <setEventAttribute attr="eventSeverity">7</setEventAttribute>
         </when>
       </choose>
     </when>
     
     <!-- basic application group changed -->
     <when test='$_id = "4784"'>
       <collectFieldsByRegex src="$_body">
	 <regex><![CDATA[.*Subject:<_subject:gPatMesgBody>Group:<_acct:gPatMesgBody>Attributes:<_attrib:gPatMesgBody>Additional Information:<_addl:gPatMesgBody>]]></regex>
       </collectFieldsByRegex>
       
       <collectAndSetAttrByKeyValuePair sep=' ' src="$_subject">
         <attrKeyMap attr="user" key="Account Name:  "/>
         <attrKeyMap attr="domain" key="Account Domain:  "/>
	 <attrKeyMap attr="winLogonId" key="Logon ID:  "/>
       </collectAndSetAttrByKeyValuePair>
       
       <collectAndSetAttrByKeyValuePair sep=' ' src="$_acct">
	 <attrKeyMap attr="targetUser" key="Account Name:  "/>
         <attrKeyMap attr="targetDomain" key="Account Domain:  "/>
       </collectAndSetAttrByKeyValuePair>

       <collectAndSetAttrFromAnotherEvent AnotherEventType = "Win-Security-4624">
         <when test = '$winLogonId = $AnotherEvent.winLogonId'>
           <setEventAttribute attr="srcIpAddr">$AnotherEvent.srcIpAddr</setEventAttribute>
         </when>
       </collectAndSetAttrFromAnotherEvent>
       
       <choose>
         <when test="matches($_action, '^Success')">
	   <setEventAttribute attr="eventSeverity">4</setEventAttribute>
         </when>
	 
         <when test="matches($_action, '^Failure)">       
	   <setEventAttribute attr="eventSeverity">7</setEventAttribute>
         </when>
       </choose>
     </when>
  
     <when test='$_id IN "625, 626, 642, 627, 629, 630, 643, 646, 647"'>
       
       <!-- USER ACCOUNT TYPE CHANGED
	    <13>Dec 12 10:09:00 ADS-Pri.ProspectHills.net MSWinEventLog	1	Security	1756	Wed Dec 12 10:08:53 2007	625	Security	SYSTEM	User	Success Audit	ADS-PRI	User Account Type Change		Caller User Name: Administrator	Caller Domain: PROSPECTHILLS		Caller Logon ID: (0x0, 0x158E87) 	Target Account Name: johnDoe  Target Domain: PROSPECTHILLS	Target Account ID: PROSPECTHILLS\johnDoe  New Type: Writer
	      -->
       
       <!-- USER ACCOUNT ENABLED
       <13>Dec 12 10:09:00 ADS-Pri.ProspectHills.net MSWinEventLog	1	Security	1756	Wed Dec 12 10:08:53 2007	626	Security	SYSTEM	User	Success Audit	ADS-PRI	User Account Ennabled		Caller User Name: Administrator	Caller Domain: PROSPECTHILLS		Caller Logon ID: (0x0, 0x158E87) 	Target Account Name: johnDoe 	Target Domain: PROSPECTHILLS	Target Account ID: PROSPECTHILLS\johnDoe 
          -->

          <!-- USER ACCOUNT DISABLED
       <13>Dec 12 10:09:00 ADS-Pri.ProspectHills.net MSWinEventLog	1	Security	1756	Wed Dec 12 10:08:53 2007	629	Security	SYSTEM	User	Success Audit	ADS-PRI	User Account Disabled		Caller User Name: Administrator	Caller Domain: PROSPECTHILLS		Caller Logon ID: (0x0, 0x158E87) 	Target Account Name: johnDoe  Target Domain: PROSPECTHILLS	Target Account ID: PROSPECTHILLS\johnDoe  New Type: Writer
      -->

           <!-- USER ACCOUNT CHANGED
       <13>Dec 12 10:09:00 ADS-Pri.ProspectHills.net MSWinEventLog	1	Security	1756	Wed Dec 12 10:08:53 2007	642	Security	SYSTEM	User	Success Audit	ADS-PRI	User Account Changed		Caller User Name: Administrator	Caller Domain: PROSPECTHILLS		Caller Logon ID: (0x0, 0x158E87) 	Target Account Name: johnDoe  Target Domain: PROSPECTHILLS	Target Account ID: PROSPECTHILLS\johnDoe  New Type: Writer
      -->

           <!-- CHANGE PASSWORD ATTEMPT
       <13>Dec 12 10:09:00 ADS-Pri.ProspectHills.net MSWinEventLog	1	Security	1756	Wed Dec 12 10:08:53 2007	627	Security	SYSTEM	User	Success Audit	ADS-PRI	Change Password Attempt		Caller User Name: Administrator	Caller Domain: PROSPECTHILLS		Caller Logon ID: (0x0, 0x158E87) 	Target Account Name: johnDoe  Target Domain: PROSPECTHILLS	Target Account ID: PROSPECTHILLS\johnDoe  New Type: Writer
      -->

           <!-- USER ACCOUNT PASSWORD RESET
       <13>Dec 12 10:09:00 ADS-Pri.ProspectHills.net MSWinEventLog	1	Security	1756	Wed Dec 12 10:08:53 2007	628	Security	SYSTEM	User	Success Audit	ADS-PRI	User Account Password Set		Caller User Name: Administrator	Caller Domain: PROSPECTHILLS		Caller Logon ID: (0x0, 0x158E87) 	Target Account Name: johnDoe  Target Domain: PROSPECTHILLS	Target Account ID: PROSPECTHILLS\johnDoe  New Type: Writer
      -->

